[2024-10-14T04:57:01.762+0000] {local_task_job_runner.py:123} INFO - ::group::Pre task execution logs
[2024-10-14T04:57:01.780+0000] {taskinstance.py:2612} INFO - Dependencies all met for dep_context=non-requeueable deps ti=<TaskInstance: kaggle_ml_pipeline.GetDataKaggle manual__2024-10-14T04:56:58.936605+00:00 [queued]>
[2024-10-14T04:57:01.793+0000] {taskinstance.py:2612} INFO - Dependencies all met for dep_context=requeueable deps ti=<TaskInstance: kaggle_ml_pipeline.GetDataKaggle manual__2024-10-14T04:56:58.936605+00:00 [queued]>
[2024-10-14T04:57:01.794+0000] {taskinstance.py:2865} INFO - Starting attempt 1 of 2
[2024-10-14T04:57:01.807+0000] {taskinstance.py:2888} INFO - Executing <Task(PythonOperator): GetDataKaggle> on 2024-10-14 04:56:58.936605+00:00
[2024-10-14T04:57:01.817+0000] {warnings.py:112} WARNING - /home/***/.local/lib/python3.12/site-packages/***/task/task_runner/standard_task_runner.py:70: DeprecationWarning: This process (pid=6568) is multi-threaded, use of fork() may lead to deadlocks in the child.
  pid = os.fork()

[2024-10-14T04:57:01.819+0000] {standard_task_runner.py:72} INFO - Started process 6611 to run task
[2024-10-14T04:57:01.818+0000] {standard_task_runner.py:104} INFO - Running: ['***', 'tasks', 'run', 'kaggle_ml_pipeline', 'GetDataKaggle', 'manual__2024-10-14T04:56:58.936605+00:00', '--job-id', '105', '--raw', '--subdir', 'DAGS_FOLDER/dmc_pipeline.py', '--cfg-path', '/tmp/tmpku7lgjb1']
[2024-10-14T04:57:01.820+0000] {standard_task_runner.py:105} INFO - Job 105: Subtask GetDataKaggle
[2024-10-14T04:57:01.863+0000] {task_command.py:467} INFO - Running <TaskInstance: kaggle_ml_pipeline.GetDataKaggle manual__2024-10-14T04:56:58.936605+00:00 [running]> on host 3865df127200
[2024-10-14T04:57:01.946+0000] {taskinstance.py:3131} INFO - Exporting env vars: AIRFLOW_CTX_DAG_OWNER='***' AIRFLOW_CTX_DAG_ID='kaggle_ml_pipeline' AIRFLOW_CTX_TASK_ID='GetDataKaggle' AIRFLOW_CTX_EXECUTION_DATE='2024-10-14T04:56:58.936605+00:00' AIRFLOW_CTX_TRY_NUMBER='1' AIRFLOW_CTX_DAG_RUN_ID='manual__2024-10-14T04:56:58.936605+00:00'
[2024-10-14T04:57:01.948+0000] {logging_mixin.py:190} INFO - Task instance is in running state
[2024-10-14T04:57:01.948+0000] {logging_mixin.py:190} INFO -  Previous state of the Task instance: queued
[2024-10-14T04:57:01.949+0000] {logging_mixin.py:190} INFO - Current task name:GetDataKaggle state:running start_date:2024-10-14 04:57:01.781480+00:00
[2024-10-14T04:57:01.949+0000] {logging_mixin.py:190} INFO - Dag name:kaggle_ml_pipeline and current dag run status:running
[2024-10-14T04:57:01.949+0000] {taskinstance.py:731} INFO - ::endgroup::
[2024-10-14T04:57:03.713+0000] {logging_mixin.py:190} INFO - train.csv: Skipping, found more recently modified local copy (use --force to force download)
[2024-10-14T04:57:05.188+0000] {logging_mixin.py:190} INFO - test.csv: Skipping, found more recently modified local copy (use --force to force download)
[2024-10-14T04:57:05.193+0000] {python.py:240} INFO - Done. Returned value was: opt/***/dags/data/train.csv/train.csv
[2024-10-14T04:57:05.215+0000] {taskinstance.py:340} INFO - ::group::Post task execution logs
[2024-10-14T04:57:05.216+0000] {taskinstance.py:352} INFO - Marking task as SUCCESS. dag_id=kaggle_ml_pipeline, task_id=GetDataKaggle, run_id=manual__2024-10-14T04:56:58.936605+00:00, execution_date=20241014T045658, start_date=20241014T045701, end_date=20241014T045705
[2024-10-14T04:57:05.224+0000] {logging_mixin.py:190} INFO - Task instance in success state
[2024-10-14T04:57:05.225+0000] {logging_mixin.py:190} INFO -  Previous state of the Task instance: running
[2024-10-14T04:57:05.225+0000] {logging_mixin.py:190} INFO - Dag name:kaggle_ml_pipeline queued_at:2024-10-14 04:56:58.945957+00:00
[2024-10-14T04:57:05.226+0000] {logging_mixin.py:190} INFO - Task hostname:3865df127200 operator:PythonOperator
[2024-10-14T04:57:05.244+0000] {local_task_job_runner.py:266} INFO - Task exited with return code 0
[2024-10-14T04:57:05.265+0000] {taskinstance.py:3900} INFO - 1 downstream tasks scheduled from follow-on schedule check
[2024-10-14T04:57:05.267+0000] {local_task_job_runner.py:245} INFO - ::endgroup::
