[2024-10-14T04:49:38.181+0000] {local_task_job_runner.py:123} INFO - ::group::Pre task execution logs
[2024-10-14T04:49:38.195+0000] {taskinstance.py:2612} INFO - Dependencies all met for dep_context=non-requeueable deps ti=<TaskInstance: kaggle_ml_pipeline.GetDataKaggle manual__2024-10-14T04:49:35.979465+00:00 [queued]>
[2024-10-14T04:49:38.202+0000] {taskinstance.py:2612} INFO - Dependencies all met for dep_context=requeueable deps ti=<TaskInstance: kaggle_ml_pipeline.GetDataKaggle manual__2024-10-14T04:49:35.979465+00:00 [queued]>
[2024-10-14T04:49:38.203+0000] {taskinstance.py:2865} INFO - Starting attempt 1 of 2
[2024-10-14T04:49:38.213+0000] {taskinstance.py:2888} INFO - Executing <Task(PythonOperator): GetDataKaggle> on 2024-10-14 04:49:35.979465+00:00
[2024-10-14T04:49:38.221+0000] {warnings.py:112} WARNING - /home/***/.local/lib/python3.12/site-packages/***/task/task_runner/standard_task_runner.py:70: DeprecationWarning: This process (pid=5837) is multi-threaded, use of fork() may lead to deadlocks in the child.
  pid = os.fork()

[2024-10-14T04:49:38.223+0000] {standard_task_runner.py:72} INFO - Started process 5880 to run task
[2024-10-14T04:49:38.223+0000] {standard_task_runner.py:104} INFO - Running: ['***', 'tasks', 'run', 'kaggle_ml_pipeline', 'GetDataKaggle', 'manual__2024-10-14T04:49:35.979465+00:00', '--job-id', '93', '--raw', '--subdir', 'DAGS_FOLDER/dmc_pipeline.py', '--cfg-path', '/tmp/tmp0911mzjz']
[2024-10-14T04:49:38.224+0000] {standard_task_runner.py:105} INFO - Job 93: Subtask GetDataKaggle
[2024-10-14T04:49:38.259+0000] {task_command.py:467} INFO - Running <TaskInstance: kaggle_ml_pipeline.GetDataKaggle manual__2024-10-14T04:49:35.979465+00:00 [running]> on host 3865df127200
[2024-10-14T04:49:38.324+0000] {taskinstance.py:3131} INFO - Exporting env vars: AIRFLOW_CTX_DAG_OWNER='***' AIRFLOW_CTX_DAG_ID='kaggle_ml_pipeline' AIRFLOW_CTX_TASK_ID='GetDataKaggle' AIRFLOW_CTX_EXECUTION_DATE='2024-10-14T04:49:35.979465+00:00' AIRFLOW_CTX_TRY_NUMBER='1' AIRFLOW_CTX_DAG_RUN_ID='manual__2024-10-14T04:49:35.979465+00:00'
[2024-10-14T04:49:38.325+0000] {logging_mixin.py:190} INFO - Task instance is in running state
[2024-10-14T04:49:38.326+0000] {logging_mixin.py:190} INFO -  Previous state of the Task instance: queued
[2024-10-14T04:49:38.326+0000] {logging_mixin.py:190} INFO - Current task name:GetDataKaggle state:running start_date:2024-10-14 04:49:38.196129+00:00
[2024-10-14T04:49:38.326+0000] {logging_mixin.py:190} INFO - Dag name:kaggle_ml_pipeline and current dag run status:running
[2024-10-14T04:49:38.327+0000] {taskinstance.py:731} INFO - ::endgroup::
[2024-10-14T04:49:39.213+0000] {logging_mixin.py:190} INFO - Downloading train.csv to opt/***/dags/data/train.csv
[2024-10-14T04:49:39.214+0000] {logging_mixin.py:190} WARNING -   0%|          | 0.00/3.39M [00:00<?, ?B/s]
[2024-10-14T04:49:39.852+0000] {logging_mixin.py:190} WARNING -  29%|##9       | 1.00M/3.39M [00:00<00:01, 1.65MB/s]
[2024-10-14T04:49:39.974+0000] {logging_mixin.py:190} WARNING -  59%|#####8    | 2.00M/3.39M [00:00<00:00, 3.14MB/s]
[2024-10-14T04:49:40.094+0000] {logging_mixin.py:190} WARNING - 100%|##########| 3.39M/3.39M [00:00<00:00, 5.24MB/s]
[2024-10-14T04:49:40.094+0000] {logging_mixin.py:190} WARNING - 100%|##########| 3.39M/3.39M [00:00<00:00, 4.04MB/s]
[2024-10-14T04:49:40.728+0000] {logging_mixin.py:190} INFO - Downloading test.csv to opt/***/dags/data/train.csv
[2024-10-14T04:49:40.729+0000] {logging_mixin.py:190} WARNING -   0%|          | 0.00/2.19M [00:00<?, ?B/s]
[2024-10-14T04:49:41.386+0000] {logging_mixin.py:190} WARNING -  46%|####5     | 1.00M/2.19M [00:00<00:00, 1.60MB/s]
[2024-10-14T04:49:41.486+0000] {logging_mixin.py:190} WARNING -  91%|#########1| 2.00M/2.19M [00:00<00:00, 3.19MB/s]
[2024-10-14T04:49:41.503+0000] {logging_mixin.py:190} WARNING - 100%|##########| 2.19M/2.19M [00:00<00:00, 2.98MB/s]
[2024-10-14T04:49:41.507+0000] {python.py:240} INFO - Done. Returned value was: opt/***/dags/data/train.csv/train.csv
[2024-10-14T04:49:41.529+0000] {taskinstance.py:340} INFO - ::group::Post task execution logs
[2024-10-14T04:49:41.530+0000] {taskinstance.py:352} INFO - Marking task as SUCCESS. dag_id=kaggle_ml_pipeline, task_id=GetDataKaggle, run_id=manual__2024-10-14T04:49:35.979465+00:00, execution_date=20241014T044935, start_date=20241014T044938, end_date=20241014T044941
[2024-10-14T04:49:41.538+0000] {logging_mixin.py:190} INFO - Task instance in success state
[2024-10-14T04:49:41.539+0000] {logging_mixin.py:190} INFO -  Previous state of the Task instance: running
[2024-10-14T04:49:41.539+0000] {logging_mixin.py:190} INFO - Dag name:kaggle_ml_pipeline queued_at:2024-10-14 04:49:35.987139+00:00
[2024-10-14T04:49:41.540+0000] {logging_mixin.py:190} INFO - Task hostname:3865df127200 operator:PythonOperator
[2024-10-14T04:49:41.568+0000] {local_task_job_runner.py:266} INFO - Task exited with return code 0
[2024-10-14T04:49:41.590+0000] {taskinstance.py:3900} INFO - 1 downstream tasks scheduled from follow-on schedule check
[2024-10-14T04:49:41.592+0000] {local_task_job_runner.py:245} INFO - ::endgroup::
