[2024-10-14T04:57:52.445+0000] {local_task_job_runner.py:123} INFO - ::group::Pre task execution logs
[2024-10-14T04:57:52.463+0000] {taskinstance.py:2612} INFO - Dependencies all met for dep_context=non-requeueable deps ti=<TaskInstance: kaggle_ml_pipeline.GetDataKaggle manual__2024-10-14T04:57:49.352645+00:00 [queued]>
[2024-10-14T04:57:52.476+0000] {taskinstance.py:2612} INFO - Dependencies all met for dep_context=requeueable deps ti=<TaskInstance: kaggle_ml_pipeline.GetDataKaggle manual__2024-10-14T04:57:49.352645+00:00 [queued]>
[2024-10-14T04:57:52.477+0000] {taskinstance.py:2865} INFO - Starting attempt 1 of 2
[2024-10-14T04:57:52.493+0000] {taskinstance.py:2888} INFO - Executing <Task(PythonOperator): GetDataKaggle> on 2024-10-14 04:57:49.352645+00:00
[2024-10-14T04:57:52.504+0000] {warnings.py:112} WARNING - /home/***/.local/lib/python3.12/site-packages/***/task/task_runner/standard_task_runner.py:70: DeprecationWarning: This process (pid=6785) is multi-threaded, use of fork() may lead to deadlocks in the child.
  pid = os.fork()

[2024-10-14T04:57:52.506+0000] {standard_task_runner.py:72} INFO - Started process 6828 to run task
[2024-10-14T04:57:52.506+0000] {standard_task_runner.py:104} INFO - Running: ['***', 'tasks', 'run', 'kaggle_ml_pipeline', 'GetDataKaggle', 'manual__2024-10-14T04:57:49.352645+00:00', '--job-id', '109', '--raw', '--subdir', 'DAGS_FOLDER/dmc_pipeline.py', '--cfg-path', '/tmp/tmpz63xcob1']
[2024-10-14T04:57:52.507+0000] {standard_task_runner.py:105} INFO - Job 109: Subtask GetDataKaggle
[2024-10-14T04:57:52.553+0000] {task_command.py:467} INFO - Running <TaskInstance: kaggle_ml_pipeline.GetDataKaggle manual__2024-10-14T04:57:49.352645+00:00 [running]> on host 3865df127200
[2024-10-14T04:57:52.656+0000] {taskinstance.py:3131} INFO - Exporting env vars: AIRFLOW_CTX_DAG_OWNER='***' AIRFLOW_CTX_DAG_ID='kaggle_ml_pipeline' AIRFLOW_CTX_TASK_ID='GetDataKaggle' AIRFLOW_CTX_EXECUTION_DATE='2024-10-14T04:57:49.352645+00:00' AIRFLOW_CTX_TRY_NUMBER='1' AIRFLOW_CTX_DAG_RUN_ID='manual__2024-10-14T04:57:49.352645+00:00'
[2024-10-14T04:57:52.658+0000] {logging_mixin.py:190} INFO - Task instance is in running state
[2024-10-14T04:57:52.659+0000] {logging_mixin.py:190} INFO -  Previous state of the Task instance: queued
[2024-10-14T04:57:52.659+0000] {logging_mixin.py:190} INFO - Current task name:GetDataKaggle state:running start_date:2024-10-14 04:57:52.464565+00:00
[2024-10-14T04:57:52.660+0000] {logging_mixin.py:190} INFO - Dag name:kaggle_ml_pipeline and current dag run status:running
[2024-10-14T04:57:52.660+0000] {taskinstance.py:731} INFO - ::endgroup::
[2024-10-14T04:57:54.509+0000] {logging_mixin.py:190} INFO - train.csv: Skipping, found more recently modified local copy (use --force to force download)
[2024-10-14T04:57:55.995+0000] {logging_mixin.py:190} INFO - test.csv: Skipping, found more recently modified local copy (use --force to force download)
[2024-10-14T04:57:56.002+0000] {python.py:240} INFO - Done. Returned value was: opt/***/dags/data/train.csv/train.csv
[2024-10-14T04:57:56.023+0000] {taskinstance.py:340} INFO - ::group::Post task execution logs
[2024-10-14T04:57:56.024+0000] {taskinstance.py:352} INFO - Marking task as SUCCESS. dag_id=kaggle_ml_pipeline, task_id=GetDataKaggle, run_id=manual__2024-10-14T04:57:49.352645+00:00, execution_date=20241014T045749, start_date=20241014T045752, end_date=20241014T045756
[2024-10-14T04:57:56.033+0000] {logging_mixin.py:190} INFO - Task instance in success state
[2024-10-14T04:57:56.034+0000] {logging_mixin.py:190} INFO -  Previous state of the Task instance: running
[2024-10-14T04:57:56.034+0000] {logging_mixin.py:190} INFO - Dag name:kaggle_ml_pipeline queued_at:2024-10-14 04:57:49.362651+00:00
[2024-10-14T04:57:56.035+0000] {logging_mixin.py:190} INFO - Task hostname:3865df127200 operator:PythonOperator
[2024-10-14T04:57:56.066+0000] {local_task_job_runner.py:266} INFO - Task exited with return code 0
[2024-10-14T04:57:56.086+0000] {taskinstance.py:3900} INFO - 0 downstream tasks scheduled from follow-on schedule check
[2024-10-14T04:57:56.088+0000] {local_task_job_runner.py:245} INFO - ::endgroup::
