[2024-10-14T04:21:32.061+0000] {local_task_job_runner.py:123} INFO - ::group::Pre task execution logs
[2024-10-14T04:21:32.117+0000] {taskinstance.py:2612} INFO - Dependencies all met for dep_context=non-requeueable deps ti=<TaskInstance: kaggle_ml_pipeline.GetDataKaggle scheduled__2024-10-13T12:00:00+00:00 [queued]>
[2024-10-14T04:21:32.135+0000] {taskinstance.py:2612} INFO - Dependencies all met for dep_context=requeueable deps ti=<TaskInstance: kaggle_ml_pipeline.GetDataKaggle scheduled__2024-10-13T12:00:00+00:00 [queued]>
[2024-10-14T04:21:32.137+0000] {taskinstance.py:2865} INFO - Starting attempt 1 of 2
[2024-10-14T04:21:32.216+0000] {taskinstance.py:2888} INFO - Executing <Task(PythonOperator): GetDataKaggle> on 2024-10-13 12:00:00+00:00
[2024-10-14T04:21:32.247+0000] {warnings.py:112} WARNING - /home/***/.local/lib/python3.12/site-packages/***/task/task_runner/standard_task_runner.py:70: DeprecationWarning: This process (pid=571) is multi-threaded, use of fork() may lead to deadlocks in the child.
  pid = os.fork()

[2024-10-14T04:21:32.255+0000] {standard_task_runner.py:72} INFO - Started process 941 to run task
[2024-10-14T04:21:32.253+0000] {standard_task_runner.py:104} INFO - Running: ['***', 'tasks', 'run', 'kaggle_ml_pipeline', 'GetDataKaggle', 'scheduled__2024-10-13T12:00:00+00:00', '--job-id', '15', '--raw', '--subdir', 'DAGS_FOLDER/data/dmc_pipeline.py', '--cfg-path', '/tmp/tmpm1rdjr2n']
[2024-10-14T04:21:32.261+0000] {standard_task_runner.py:105} INFO - Job 15: Subtask GetDataKaggle
[2024-10-14T04:21:32.415+0000] {task_command.py:467} INFO - Running <TaskInstance: kaggle_ml_pipeline.GetDataKaggle scheduled__2024-10-13T12:00:00+00:00 [running]> on host 3865df127200
[2024-10-14T04:21:33.032+0000] {taskinstance.py:3131} INFO - Exporting env vars: AIRFLOW_CTX_DAG_OWNER='***' AIRFLOW_CTX_DAG_ID='kaggle_ml_pipeline' AIRFLOW_CTX_TASK_ID='GetDataKaggle' AIRFLOW_CTX_EXECUTION_DATE='2024-10-13T12:00:00+00:00' AIRFLOW_CTX_TRY_NUMBER='1' AIRFLOW_CTX_DAG_RUN_ID='scheduled__2024-10-13T12:00:00+00:00'
[2024-10-14T04:21:33.033+0000] {logging_mixin.py:190} INFO - Task instance is in running state
[2024-10-14T04:21:33.033+0000] {logging_mixin.py:190} INFO -  Previous state of the Task instance: queued
[2024-10-14T04:21:33.034+0000] {logging_mixin.py:190} INFO - Current task name:GetDataKaggle state:running start_date:2024-10-14 04:21:32.120851+00:00
[2024-10-14T04:21:33.034+0000] {logging_mixin.py:190} INFO - Dag name:kaggle_ml_pipeline and current dag run status:running
[2024-10-14T04:21:33.035+0000] {taskinstance.py:731} INFO - ::endgroup::
[2024-10-14T04:21:35.173+0000] {logging_mixin.py:190} INFO - train.csv: Skipping, found more recently modified local copy (use --force to force download)
[2024-10-14T04:21:36.846+0000] {logging_mixin.py:190} INFO - test.csv: Skipping, found more recently modified local copy (use --force to force download)
[2024-10-14T04:21:36.853+0000] {python.py:240} INFO - Done. Returned value was: dags/data/train.csv
[2024-10-14T04:21:36.890+0000] {taskinstance.py:340} INFO - ::group::Post task execution logs
[2024-10-14T04:21:36.891+0000] {taskinstance.py:352} INFO - Marking task as SUCCESS. dag_id=kaggle_ml_pipeline, task_id=GetDataKaggle, run_id=scheduled__2024-10-13T12:00:00+00:00, execution_date=20241013T120000, start_date=20241014T042132, end_date=20241014T042136
[2024-10-14T04:21:36.905+0000] {logging_mixin.py:190} INFO - Task instance in success state
[2024-10-14T04:21:36.905+0000] {logging_mixin.py:190} INFO -  Previous state of the Task instance: running
[2024-10-14T04:21:36.906+0000] {logging_mixin.py:190} INFO - Dag name:kaggle_ml_pipeline queued_at:2024-10-14 04:21:27.389077+00:00
[2024-10-14T04:21:36.906+0000] {logging_mixin.py:190} INFO - Task hostname:3865df127200 operator:PythonOperator
[2024-10-14T04:21:36.960+0000] {local_task_job_runner.py:266} INFO - Task exited with return code 0
[2024-10-14T04:21:36.991+0000] {taskinstance.py:3900} INFO - 1 downstream tasks scheduled from follow-on schedule check
[2024-10-14T04:21:36.994+0000] {local_task_job_runner.py:245} INFO - ::endgroup::
[2024-10-14T04:24:54.866+0000] {local_task_job_runner.py:123} INFO - ::group::Pre task execution logs
[2024-10-14T04:24:54.905+0000] {taskinstance.py:2612} INFO - Dependencies all met for dep_context=non-requeueable deps ti=<TaskInstance: kaggle_ml_pipeline.GetDataKaggle scheduled__2024-10-13T12:00:00+00:00 [queued]>
[2024-10-14T04:24:54.918+0000] {taskinstance.py:2612} INFO - Dependencies all met for dep_context=requeueable deps ti=<TaskInstance: kaggle_ml_pipeline.GetDataKaggle scheduled__2024-10-13T12:00:00+00:00 [queued]>
[2024-10-14T04:24:54.920+0000] {taskinstance.py:2865} INFO - Starting attempt 1 of 2
[2024-10-14T04:24:54.952+0000] {taskinstance.py:2888} INFO - Executing <Task(PythonOperator): GetDataKaggle> on 2024-10-13 12:00:00+00:00
[2024-10-14T04:24:54.969+0000] {warnings.py:112} WARNING - /home/***/.local/lib/python3.12/site-packages/***/task/task_runner/standard_task_runner.py:70: DeprecationWarning: This process (pid=2816) is multi-threaded, use of fork() may lead to deadlocks in the child.
  pid = os.fork()

[2024-10-14T04:24:54.971+0000] {standard_task_runner.py:72} INFO - Started process 3459 to run task
[2024-10-14T04:24:54.972+0000] {standard_task_runner.py:104} INFO - Running: ['***', 'tasks', 'run', 'kaggle_ml_pipeline', 'GetDataKaggle', 'scheduled__2024-10-13T12:00:00+00:00', '--job-id', '52', '--raw', '--subdir', 'DAGS_FOLDER/data/dmc_pipeline.py', '--cfg-path', '/tmp/tmps_kmlwy6']
[2024-10-14T04:24:54.974+0000] {standard_task_runner.py:105} INFO - Job 52: Subtask GetDataKaggle
[2024-10-14T04:24:55.044+0000] {task_command.py:467} INFO - Running <TaskInstance: kaggle_ml_pipeline.GetDataKaggle scheduled__2024-10-13T12:00:00+00:00 [running]> on host 3865df127200
[2024-10-14T04:24:55.514+0000] {taskinstance.py:3131} INFO - Exporting env vars: AIRFLOW_CTX_DAG_OWNER='***' AIRFLOW_CTX_DAG_ID='kaggle_ml_pipeline' AIRFLOW_CTX_TASK_ID='GetDataKaggle' AIRFLOW_CTX_EXECUTION_DATE='2024-10-13T12:00:00+00:00' AIRFLOW_CTX_TRY_NUMBER='1' AIRFLOW_CTX_DAG_RUN_ID='scheduled__2024-10-13T12:00:00+00:00'
[2024-10-14T04:24:55.515+0000] {logging_mixin.py:190} INFO - Task instance is in running state
[2024-10-14T04:24:55.515+0000] {logging_mixin.py:190} INFO -  Previous state of the Task instance: queued
[2024-10-14T04:24:55.516+0000] {logging_mixin.py:190} INFO - Current task name:GetDataKaggle state:running start_date:2024-10-14 04:24:54.907430+00:00
[2024-10-14T04:24:55.517+0000] {logging_mixin.py:190} INFO - Dag name:kaggle_ml_pipeline and current dag run status:running
[2024-10-14T04:24:55.517+0000] {taskinstance.py:731} INFO - ::endgroup::
[2024-10-14T04:24:56.475+0000] {logging_mixin.py:190} INFO - train.csv: Skipping, found more recently modified local copy (use --force to force download)
[2024-10-14T04:24:58.259+0000] {logging_mixin.py:190} INFO - test.csv: Skipping, found more recently modified local copy (use --force to force download)
[2024-10-14T04:24:58.271+0000] {python.py:240} INFO - Done. Returned value was: dags/data/train.csv
[2024-10-14T04:24:58.307+0000] {taskinstance.py:340} INFO - ::group::Post task execution logs
[2024-10-14T04:24:58.309+0000] {taskinstance.py:352} INFO - Marking task as SUCCESS. dag_id=kaggle_ml_pipeline, task_id=GetDataKaggle, run_id=scheduled__2024-10-13T12:00:00+00:00, execution_date=20241013T120000, start_date=20241014T042454, end_date=20241014T042458
[2024-10-14T04:24:58.327+0000] {logging_mixin.py:190} INFO - Task instance in success state
[2024-10-14T04:24:58.329+0000] {logging_mixin.py:190} INFO -  Previous state of the Task instance: running
[2024-10-14T04:24:58.330+0000] {logging_mixin.py:190} INFO - Dag name:kaggle_ml_pipeline queued_at:2024-10-14 04:24:50.276102+00:00
[2024-10-14T04:24:58.331+0000] {logging_mixin.py:190} INFO - Task hostname:3865df127200 operator:PythonOperator
[2024-10-14T04:24:58.374+0000] {local_task_job_runner.py:266} INFO - Task exited with return code 0
[2024-10-14T04:24:58.417+0000] {taskinstance.py:3900} INFO - 1 downstream tasks scheduled from follow-on schedule check
[2024-10-14T04:24:58.425+0000] {local_task_job_runner.py:245} INFO - ::endgroup::
