[2024-10-14T05:00:07.646+0000] {local_task_job_runner.py:123} INFO - ::group::Pre task execution logs
[2024-10-14T05:00:07.665+0000] {taskinstance.py:2612} INFO - Dependencies all met for dep_context=non-requeueable deps ti=<TaskInstance: kaggle_ml_pipeline.ML_Kaggle scheduled__2024-10-14T04:00:00+00:00 [queued]>
[2024-10-14T05:00:07.673+0000] {taskinstance.py:2612} INFO - Dependencies all met for dep_context=requeueable deps ti=<TaskInstance: kaggle_ml_pipeline.ML_Kaggle scheduled__2024-10-14T04:00:00+00:00 [queued]>
[2024-10-14T05:00:07.673+0000] {taskinstance.py:2865} INFO - Starting attempt 1 of 2
[2024-10-14T05:00:07.686+0000] {taskinstance.py:2888} INFO - Executing <Task(PythonOperator): ML_Kaggle> on 2024-10-14 04:00:00+00:00
[2024-10-14T05:00:07.696+0000] {warnings.py:112} WARNING - /home/***/.local/lib/python3.12/site-packages/***/task/task_runner/standard_task_runner.py:70: DeprecationWarning: This process (pid=7234) is multi-threaded, use of fork() may lead to deadlocks in the child.
  pid = os.fork()

[2024-10-14T05:00:07.698+0000] {standard_task_runner.py:72} INFO - Started process 7277 to run task
[2024-10-14T05:00:07.698+0000] {standard_task_runner.py:104} INFO - Running: ['***', 'tasks', 'run', 'kaggle_ml_pipeline', 'ML_Kaggle', 'scheduled__2024-10-14T04:00:00+00:00', '--job-id', '117', '--raw', '--subdir', 'DAGS_FOLDER/dmc_pipeline.py', '--cfg-path', '/tmp/tmp723_fa9l']
[2024-10-14T05:00:07.699+0000] {standard_task_runner.py:105} INFO - Job 117: Subtask ML_Kaggle
[2024-10-14T05:00:07.747+0000] {task_command.py:467} INFO - Running <TaskInstance: kaggle_ml_pipeline.ML_Kaggle scheduled__2024-10-14T04:00:00+00:00 [running]> on host 3865df127200
[2024-10-14T05:00:07.821+0000] {taskinstance.py:3131} INFO - Exporting env vars: AIRFLOW_CTX_DAG_OWNER='***' AIRFLOW_CTX_DAG_ID='kaggle_ml_pipeline' AIRFLOW_CTX_TASK_ID='ML_Kaggle' AIRFLOW_CTX_EXECUTION_DATE='2024-10-14T04:00:00+00:00' AIRFLOW_CTX_TRY_NUMBER='1' AIRFLOW_CTX_DAG_RUN_ID='scheduled__2024-10-14T04:00:00+00:00'
[2024-10-14T05:00:07.822+0000] {logging_mixin.py:190} INFO - Task instance is in running state
[2024-10-14T05:00:07.822+0000] {logging_mixin.py:190} INFO -  Previous state of the Task instance: queued
[2024-10-14T05:00:07.823+0000] {logging_mixin.py:190} INFO - Current task name:ML_Kaggle state:running start_date:2024-10-14 05:00:07.666372+00:00
[2024-10-14T05:00:07.823+0000] {logging_mixin.py:190} INFO - Dag name:kaggle_ml_pipeline and current dag run status:running
[2024-10-14T05:00:07.823+0000] {taskinstance.py:731} INFO - ::endgroup::
[2024-10-14T05:00:15.690+0000] {logging_mixin.py:190} INFO - Precisión: 0.9491857788387756
[2024-10-14T05:00:15.821+0000] {python.py:240} INFO - Done. Returned value was: None
[2024-10-14T05:00:15.830+0000] {taskinstance.py:340} INFO - ::group::Post task execution logs
[2024-10-14T05:00:15.831+0000] {taskinstance.py:352} INFO - Marking task as SUCCESS. dag_id=kaggle_ml_pipeline, task_id=ML_Kaggle, run_id=scheduled__2024-10-14T04:00:00+00:00, execution_date=20241014T040000, start_date=20241014T050007, end_date=20241014T050015
[2024-10-14T05:00:15.845+0000] {logging_mixin.py:190} INFO - Task instance in success state
[2024-10-14T05:00:15.845+0000] {logging_mixin.py:190} INFO -  Previous state of the Task instance: running
[2024-10-14T05:00:15.846+0000] {logging_mixin.py:190} INFO - Dag name:kaggle_ml_pipeline queued_at:2024-10-14 05:00:00.516823+00:00
[2024-10-14T05:00:15.846+0000] {logging_mixin.py:190} INFO - Task hostname:3865df127200 operator:PythonOperator
[2024-10-14T05:00:15.890+0000] {local_task_job_runner.py:266} INFO - Task exited with return code 0
[2024-10-14T05:00:15.910+0000] {taskinstance.py:3900} INFO - 1 downstream tasks scheduled from follow-on schedule check
[2024-10-14T05:00:15.912+0000] {local_task_job_runner.py:245} INFO - ::endgroup::
