[2024-10-14T04:31:42.731+0000] {local_task_job_runner.py:123} INFO - ::group::Pre task execution logs
[2024-10-14T04:31:42.747+0000] {taskinstance.py:2612} INFO - Dependencies all met for dep_context=non-requeueable deps ti=<TaskInstance: kaggle_ml_pipeline.GetDataKaggle scheduled__2024-10-14T00:00:00+00:00 [queued]>
[2024-10-14T04:31:42.754+0000] {taskinstance.py:2612} INFO - Dependencies all met for dep_context=requeueable deps ti=<TaskInstance: kaggle_ml_pipeline.GetDataKaggle scheduled__2024-10-14T00:00:00+00:00 [queued]>
[2024-10-14T04:31:42.755+0000] {taskinstance.py:2865} INFO - Starting attempt 1 of 2
[2024-10-14T04:31:42.767+0000] {taskinstance.py:2888} INFO - Executing <Task(PythonOperator): GetDataKaggle> on 2024-10-14 00:00:00+00:00
[2024-10-14T04:31:42.777+0000] {warnings.py:112} WARNING - /home/***/.local/lib/python3.12/site-packages/***/task/task_runner/standard_task_runner.py:70: DeprecationWarning: This process (pid=4421) is multi-threaded, use of fork() may lead to deadlocks in the child.
  pid = os.fork()

[2024-10-14T04:31:42.780+0000] {standard_task_runner.py:72} INFO - Started process 4593 to run task
[2024-10-14T04:31:42.780+0000] {standard_task_runner.py:104} INFO - Running: ['***', 'tasks', 'run', 'kaggle_ml_pipeline', 'GetDataKaggle', 'scheduled__2024-10-14T00:00:00+00:00', '--job-id', '72', '--raw', '--subdir', 'DAGS_FOLDER/data/dmc_pipeline.py', '--cfg-path', '/tmp/tmpp9tcb8hh']
[2024-10-14T04:31:42.781+0000] {standard_task_runner.py:105} INFO - Job 72: Subtask GetDataKaggle
[2024-10-14T04:31:42.825+0000] {task_command.py:467} INFO - Running <TaskInstance: kaggle_ml_pipeline.GetDataKaggle scheduled__2024-10-14T00:00:00+00:00 [running]> on host 3865df127200
[2024-10-14T04:31:43.148+0000] {taskinstance.py:3131} INFO - Exporting env vars: AIRFLOW_CTX_DAG_OWNER='***' AIRFLOW_CTX_DAG_ID='kaggle_ml_pipeline' AIRFLOW_CTX_TASK_ID='GetDataKaggle' AIRFLOW_CTX_EXECUTION_DATE='2024-10-14T00:00:00+00:00' AIRFLOW_CTX_TRY_NUMBER='1' AIRFLOW_CTX_DAG_RUN_ID='scheduled__2024-10-14T00:00:00+00:00'
[2024-10-14T04:31:43.149+0000] {logging_mixin.py:190} INFO - Task instance is in running state
[2024-10-14T04:31:43.149+0000] {logging_mixin.py:190} INFO -  Previous state of the Task instance: queued
[2024-10-14T04:31:43.150+0000] {logging_mixin.py:190} INFO - Current task name:GetDataKaggle state:running start_date:2024-10-14 04:31:42.747691+00:00
[2024-10-14T04:31:43.151+0000] {logging_mixin.py:190} INFO - Dag name:kaggle_ml_pipeline and current dag run status:running
[2024-10-14T04:31:43.151+0000] {taskinstance.py:731} INFO - ::endgroup::
[2024-10-14T04:31:45.191+0000] {logging_mixin.py:190} INFO - train.csv: Skipping, found more recently modified local copy (use --force to force download)
[2024-10-14T04:31:47.355+0000] {logging_mixin.py:190} INFO - test.csv: Skipping, found more recently modified local copy (use --force to force download)
[2024-10-14T04:31:47.360+0000] {python.py:240} INFO - Done. Returned value was: dags/data/train.csv
[2024-10-14T04:31:47.397+0000] {taskinstance.py:340} INFO - ::group::Post task execution logs
[2024-10-14T04:31:47.399+0000] {taskinstance.py:352} INFO - Marking task as SUCCESS. dag_id=kaggle_ml_pipeline, task_id=GetDataKaggle, run_id=scheduled__2024-10-14T00:00:00+00:00, execution_date=20241014T000000, start_date=20241014T043142, end_date=20241014T043147
[2024-10-14T04:31:47.428+0000] {logging_mixin.py:190} INFO - Task instance in success state
[2024-10-14T04:31:47.428+0000] {logging_mixin.py:190} INFO -  Previous state of the Task instance: running
[2024-10-14T04:31:47.429+0000] {logging_mixin.py:190} INFO - Dag name:kaggle_ml_pipeline queued_at:2024-10-14 04:31:40.552119+00:00
[2024-10-14T04:31:47.429+0000] {logging_mixin.py:190} INFO - Task hostname:3865df127200 operator:PythonOperator
[2024-10-14T04:31:47.489+0000] {local_task_job_runner.py:266} INFO - Task exited with return code 0
[2024-10-14T04:31:47.515+0000] {taskinstance.py:3900} INFO - 1 downstream tasks scheduled from follow-on schedule check
[2024-10-14T04:31:47.517+0000] {local_task_job_runner.py:245} INFO - ::endgroup::
