[2024-10-14T04:21:31.559+0000] {local_task_job_runner.py:123} INFO - ::group::Pre task execution logs
[2024-10-14T04:21:31.596+0000] {taskinstance.py:2612} INFO - Dependencies all met for dep_context=non-requeueable deps ti=<TaskInstance: kaggle_ml_pipeline.GetDataKaggle scheduled__2024-10-13T04:00:00+00:00 [queued]>
[2024-10-14T04:21:31.609+0000] {taskinstance.py:2612} INFO - Dependencies all met for dep_context=requeueable deps ti=<TaskInstance: kaggle_ml_pipeline.GetDataKaggle scheduled__2024-10-13T04:00:00+00:00 [queued]>
[2024-10-14T04:21:31.610+0000] {taskinstance.py:2865} INFO - Starting attempt 1 of 2
[2024-10-14T04:21:31.644+0000] {taskinstance.py:2888} INFO - Executing <Task(PythonOperator): GetDataKaggle> on 2024-10-13 04:00:00+00:00
[2024-10-14T04:21:31.672+0000] {warnings.py:112} WARNING - /home/***/.local/lib/python3.12/site-packages/***/task/task_runner/standard_task_runner.py:70: DeprecationWarning: This process (pid=170) is multi-threaded, use of fork() may lead to deadlocks in the child.
  pid = os.fork()

[2024-10-14T04:21:31.674+0000] {standard_task_runner.py:72} INFO - Started process 850 to run task
[2024-10-14T04:21:31.678+0000] {standard_task_runner.py:104} INFO - Running: ['***', 'tasks', 'run', 'kaggle_ml_pipeline', 'GetDataKaggle', 'scheduled__2024-10-13T04:00:00+00:00', '--job-id', '5', '--raw', '--subdir', 'DAGS_FOLDER/data/dmc_pipeline.py', '--cfg-path', '/tmp/tmpj0qkl_is']
[2024-10-14T04:21:31.686+0000] {standard_task_runner.py:105} INFO - Job 5: Subtask GetDataKaggle
[2024-10-14T04:21:32.360+0000] {task_command.py:467} INFO - Running <TaskInstance: kaggle_ml_pipeline.GetDataKaggle scheduled__2024-10-13T04:00:00+00:00 [running]> on host 3865df127200
[2024-10-14T04:21:32.547+0000] {taskinstance.py:3131} INFO - Exporting env vars: AIRFLOW_CTX_DAG_OWNER='***' AIRFLOW_CTX_DAG_ID='kaggle_ml_pipeline' AIRFLOW_CTX_TASK_ID='GetDataKaggle' AIRFLOW_CTX_EXECUTION_DATE='2024-10-13T04:00:00+00:00' AIRFLOW_CTX_TRY_NUMBER='1' AIRFLOW_CTX_DAG_RUN_ID='scheduled__2024-10-13T04:00:00+00:00'
[2024-10-14T04:21:32.549+0000] {logging_mixin.py:190} INFO - Task instance is in running state
[2024-10-14T04:21:32.552+0000] {logging_mixin.py:190} INFO -  Previous state of the Task instance: queued
[2024-10-14T04:21:32.553+0000] {logging_mixin.py:190} INFO - Current task name:GetDataKaggle state:running start_date:2024-10-14 04:21:31.596911+00:00
[2024-10-14T04:21:32.554+0000] {logging_mixin.py:190} INFO - Dag name:kaggle_ml_pipeline and current dag run status:running
[2024-10-14T04:21:32.555+0000] {taskinstance.py:731} INFO - ::endgroup::
[2024-10-14T04:21:35.187+0000] {logging_mixin.py:190} INFO - train.csv: Skipping, found more recently modified local copy (use --force to force download)
[2024-10-14T04:21:37.765+0000] {logging_mixin.py:190} INFO - test.csv: Skipping, found more recently modified local copy (use --force to force download)
[2024-10-14T04:21:37.781+0000] {python.py:240} INFO - Done. Returned value was: dags/data/train.csv
[2024-10-14T04:21:37.892+0000] {taskinstance.py:340} INFO - ::group::Post task execution logs
[2024-10-14T04:21:37.899+0000] {taskinstance.py:352} INFO - Marking task as SUCCESS. dag_id=kaggle_ml_pipeline, task_id=GetDataKaggle, run_id=scheduled__2024-10-13T04:00:00+00:00, execution_date=20241013T040000, start_date=20241014T042131, end_date=20241014T042137
[2024-10-14T04:21:37.939+0000] {logging_mixin.py:190} INFO - Task instance in success state
[2024-10-14T04:21:37.941+0000] {logging_mixin.py:190} INFO -  Previous state of the Task instance: running
[2024-10-14T04:21:37.942+0000] {logging_mixin.py:190} INFO - Dag name:kaggle_ml_pipeline queued_at:2024-10-14 04:21:25.619093+00:00
[2024-10-14T04:21:37.943+0000] {logging_mixin.py:190} INFO - Task hostname:3865df127200 operator:PythonOperator
[2024-10-14T04:21:38.001+0000] {local_task_job_runner.py:266} INFO - Task exited with return code 0
[2024-10-14T04:21:38.019+0000] {local_task_job_runner.py:245} INFO - ::endgroup::
[2024-10-14T04:24:51.926+0000] {local_task_job_runner.py:123} INFO - ::group::Pre task execution logs
[2024-10-14T04:24:51.997+0000] {taskinstance.py:2612} INFO - Dependencies all met for dep_context=non-requeueable deps ti=<TaskInstance: kaggle_ml_pipeline.GetDataKaggle scheduled__2024-10-13T04:00:00+00:00 [queued]>
[2024-10-14T04:24:52.007+0000] {taskinstance.py:2612} INFO - Dependencies all met for dep_context=requeueable deps ti=<TaskInstance: kaggle_ml_pipeline.GetDataKaggle scheduled__2024-10-13T04:00:00+00:00 [queued]>
[2024-10-14T04:24:52.009+0000] {taskinstance.py:2865} INFO - Starting attempt 1 of 2
[2024-10-14T04:24:52.062+0000] {taskinstance.py:2888} INFO - Executing <Task(PythonOperator): GetDataKaggle> on 2024-10-13 04:00:00+00:00
[2024-10-14T04:24:52.109+0000] {warnings.py:112} WARNING - /home/***/.local/lib/python3.12/site-packages/***/task/task_runner/standard_task_runner.py:70: DeprecationWarning: This process (pid=2488) is multi-threaded, use of fork() may lead to deadlocks in the child.
  pid = os.fork()

[2024-10-14T04:24:52.119+0000] {standard_task_runner.py:72} INFO - Started process 3037 to run task
[2024-10-14T04:24:52.135+0000] {standard_task_runner.py:104} INFO - Running: ['***', 'tasks', 'run', 'kaggle_ml_pipeline', 'GetDataKaggle', 'scheduled__2024-10-13T04:00:00+00:00', '--job-id', '45', '--raw', '--subdir', 'DAGS_FOLDER/data/dmc_pipeline.py', '--cfg-path', '/tmp/tmpj9jb2cy_']
[2024-10-14T04:24:52.151+0000] {standard_task_runner.py:105} INFO - Job 45: Subtask GetDataKaggle
[2024-10-14T04:24:52.330+0000] {task_command.py:467} INFO - Running <TaskInstance: kaggle_ml_pipeline.GetDataKaggle scheduled__2024-10-13T04:00:00+00:00 [running]> on host 3865df127200
[2024-10-14T04:24:53.173+0000] {taskinstance.py:3131} INFO - Exporting env vars: AIRFLOW_CTX_DAG_OWNER='***' AIRFLOW_CTX_DAG_ID='kaggle_ml_pipeline' AIRFLOW_CTX_TASK_ID='GetDataKaggle' AIRFLOW_CTX_EXECUTION_DATE='2024-10-13T04:00:00+00:00' AIRFLOW_CTX_TRY_NUMBER='1' AIRFLOW_CTX_DAG_RUN_ID='scheduled__2024-10-13T04:00:00+00:00'
[2024-10-14T04:24:53.176+0000] {logging_mixin.py:190} INFO - Task instance is in running state
[2024-10-14T04:24:53.182+0000] {logging_mixin.py:190} INFO -  Previous state of the Task instance: queued
[2024-10-14T04:24:53.183+0000] {logging_mixin.py:190} INFO - Current task name:GetDataKaggle state:running start_date:2024-10-14 04:24:51.998117+00:00
[2024-10-14T04:24:53.184+0000] {logging_mixin.py:190} INFO - Dag name:kaggle_ml_pipeline and current dag run status:running
[2024-10-14T04:24:53.185+0000] {taskinstance.py:731} INFO - ::endgroup::
[2024-10-14T04:24:54.999+0000] {logging_mixin.py:190} INFO - train.csv: Skipping, found more recently modified local copy (use --force to force download)
[2024-10-14T04:24:57.456+0000] {logging_mixin.py:190} INFO - test.csv: Skipping, found more recently modified local copy (use --force to force download)
[2024-10-14T04:24:57.462+0000] {python.py:240} INFO - Done. Returned value was: dags/data/train.csv
[2024-10-14T04:24:57.492+0000] {taskinstance.py:340} INFO - ::group::Post task execution logs
[2024-10-14T04:24:57.493+0000] {taskinstance.py:352} INFO - Marking task as SUCCESS. dag_id=kaggle_ml_pipeline, task_id=GetDataKaggle, run_id=scheduled__2024-10-13T04:00:00+00:00, execution_date=20241013T040000, start_date=20241014T042451, end_date=20241014T042457
[2024-10-14T04:24:57.504+0000] {logging_mixin.py:190} INFO - Task instance in success state
[2024-10-14T04:24:57.505+0000] {logging_mixin.py:190} INFO -  Previous state of the Task instance: running
[2024-10-14T04:24:57.506+0000] {logging_mixin.py:190} INFO - Dag name:kaggle_ml_pipeline queued_at:2024-10-14 04:24:47.996002+00:00
[2024-10-14T04:24:57.506+0000] {logging_mixin.py:190} INFO - Task hostname:3865df127200 operator:PythonOperator
[2024-10-14T04:24:57.556+0000] {local_task_job_runner.py:266} INFO - Task exited with return code 0
[2024-10-14T04:24:57.586+0000] {taskinstance.py:3900} INFO - 1 downstream tasks scheduled from follow-on schedule check
[2024-10-14T04:24:57.589+0000] {local_task_job_runner.py:245} INFO - ::endgroup::
