[2024-10-14T04:21:31.545+0000] {local_task_job_runner.py:123} INFO - ::group::Pre task execution logs
[2024-10-14T04:21:31.584+0000] {taskinstance.py:2612} INFO - Dependencies all met for dep_context=non-requeueable deps ti=<TaskInstance: kaggle_ml_pipeline.GetDataKaggle scheduled__2024-10-13T06:00:00+00:00 [queued]>
[2024-10-14T04:21:31.599+0000] {taskinstance.py:2612} INFO - Dependencies all met for dep_context=requeueable deps ti=<TaskInstance: kaggle_ml_pipeline.GetDataKaggle scheduled__2024-10-13T06:00:00+00:00 [queued]>
[2024-10-14T04:21:31.601+0000] {taskinstance.py:2865} INFO - Starting attempt 1 of 2
[2024-10-14T04:21:31.637+0000] {taskinstance.py:2888} INFO - Executing <Task(PythonOperator): GetDataKaggle> on 2024-10-13 06:00:00+00:00
[2024-10-14T04:21:31.655+0000] {warnings.py:112} WARNING - /home/***/.local/lib/python3.12/site-packages/***/task/task_runner/standard_task_runner.py:70: DeprecationWarning: This process (pid=174) is multi-threaded, use of fork() may lead to deadlocks in the child.
  pid = os.fork()

[2024-10-14T04:21:31.658+0000] {standard_task_runner.py:72} INFO - Started process 848 to run task
[2024-10-14T04:21:31.668+0000] {standard_task_runner.py:104} INFO - Running: ['***', 'tasks', 'run', 'kaggle_ml_pipeline', 'GetDataKaggle', 'scheduled__2024-10-13T06:00:00+00:00', '--job-id', '4', '--raw', '--subdir', 'DAGS_FOLDER/data/dmc_pipeline.py', '--cfg-path', '/tmp/tmpd_4htqoj']
[2024-10-14T04:21:31.674+0000] {standard_task_runner.py:105} INFO - Job 4: Subtask GetDataKaggle
[2024-10-14T04:21:31.798+0000] {task_command.py:467} INFO - Running <TaskInstance: kaggle_ml_pipeline.GetDataKaggle scheduled__2024-10-13T06:00:00+00:00 [running]> on host 3865df127200
[2024-10-14T04:21:32.562+0000] {taskinstance.py:3131} INFO - Exporting env vars: AIRFLOW_CTX_DAG_OWNER='***' AIRFLOW_CTX_DAG_ID='kaggle_ml_pipeline' AIRFLOW_CTX_TASK_ID='GetDataKaggle' AIRFLOW_CTX_EXECUTION_DATE='2024-10-13T06:00:00+00:00' AIRFLOW_CTX_TRY_NUMBER='1' AIRFLOW_CTX_DAG_RUN_ID='scheduled__2024-10-13T06:00:00+00:00'
[2024-10-14T04:21:32.565+0000] {logging_mixin.py:190} INFO - Task instance is in running state
[2024-10-14T04:21:32.566+0000] {logging_mixin.py:190} INFO -  Previous state of the Task instance: queued
[2024-10-14T04:21:32.567+0000] {logging_mixin.py:190} INFO - Current task name:GetDataKaggle state:running start_date:2024-10-14 04:21:31.587021+00:00
[2024-10-14T04:21:32.567+0000] {logging_mixin.py:190} INFO - Dag name:kaggle_ml_pipeline and current dag run status:running
[2024-10-14T04:21:32.567+0000] {taskinstance.py:731} INFO - ::endgroup::
[2024-10-14T04:21:35.178+0000] {logging_mixin.py:190} INFO - train.csv: Skipping, found more recently modified local copy (use --force to force download)
[2024-10-14T04:21:37.718+0000] {logging_mixin.py:190} INFO - test.csv: Skipping, found more recently modified local copy (use --force to force download)
[2024-10-14T04:21:37.729+0000] {python.py:240} INFO - Done. Returned value was: dags/data/train.csv
[2024-10-14T04:21:37.800+0000] {taskinstance.py:340} INFO - ::group::Post task execution logs
[2024-10-14T04:21:37.801+0000] {taskinstance.py:352} INFO - Marking task as SUCCESS. dag_id=kaggle_ml_pipeline, task_id=GetDataKaggle, run_id=scheduled__2024-10-13T06:00:00+00:00, execution_date=20241013T060000, start_date=20241014T042131, end_date=20241014T042137
[2024-10-14T04:21:37.842+0000] {logging_mixin.py:190} INFO - Task instance in success state
[2024-10-14T04:21:37.842+0000] {logging_mixin.py:190} INFO -  Previous state of the Task instance: running
[2024-10-14T04:21:37.843+0000] {logging_mixin.py:190} INFO - Dag name:kaggle_ml_pipeline queued_at:2024-10-14 04:21:25.946044+00:00
[2024-10-14T04:21:37.843+0000] {logging_mixin.py:190} INFO - Task hostname:3865df127200 operator:PythonOperator
[2024-10-14T04:21:37.948+0000] {local_task_job_runner.py:266} INFO - Task exited with return code 0
[2024-10-14T04:21:37.963+0000] {local_task_job_runner.py:245} INFO - ::endgroup::
[2024-10-14T04:24:52.318+0000] {local_task_job_runner.py:123} INFO - ::group::Pre task execution logs
[2024-10-14T04:24:52.362+0000] {taskinstance.py:2612} INFO - Dependencies all met for dep_context=non-requeueable deps ti=<TaskInstance: kaggle_ml_pipeline.GetDataKaggle scheduled__2024-10-13T06:00:00+00:00 [queued]>
[2024-10-14T04:24:52.388+0000] {taskinstance.py:2612} INFO - Dependencies all met for dep_context=requeueable deps ti=<TaskInstance: kaggle_ml_pipeline.GetDataKaggle scheduled__2024-10-13T06:00:00+00:00 [queued]>
[2024-10-14T04:24:52.393+0000] {taskinstance.py:2865} INFO - Starting attempt 1 of 2
[2024-10-14T04:24:52.429+0000] {taskinstance.py:2888} INFO - Executing <Task(PythonOperator): GetDataKaggle> on 2024-10-13 06:00:00+00:00
[2024-10-14T04:24:52.474+0000] {warnings.py:112} WARNING - /home/***/.local/lib/python3.12/site-packages/***/task/task_runner/standard_task_runner.py:70: DeprecationWarning: This process (pid=2585) is multi-threaded, use of fork() may lead to deadlocks in the child.
  pid = os.fork()

[2024-10-14T04:24:52.484+0000] {standard_task_runner.py:72} INFO - Started process 3101 to run task
[2024-10-14T04:24:52.494+0000] {standard_task_runner.py:104} INFO - Running: ['***', 'tasks', 'run', 'kaggle_ml_pipeline', 'GetDataKaggle', 'scheduled__2024-10-13T06:00:00+00:00', '--job-id', '46', '--raw', '--subdir', 'DAGS_FOLDER/data/dmc_pipeline.py', '--cfg-path', '/tmp/tmp2zgpvx98']
[2024-10-14T04:24:52.495+0000] {standard_task_runner.py:105} INFO - Job 46: Subtask GetDataKaggle
[2024-10-14T04:24:52.746+0000] {task_command.py:467} INFO - Running <TaskInstance: kaggle_ml_pipeline.GetDataKaggle scheduled__2024-10-13T06:00:00+00:00 [running]> on host 3865df127200
[2024-10-14T04:24:53.319+0000] {taskinstance.py:3131} INFO - Exporting env vars: AIRFLOW_CTX_DAG_OWNER='***' AIRFLOW_CTX_DAG_ID='kaggle_ml_pipeline' AIRFLOW_CTX_TASK_ID='GetDataKaggle' AIRFLOW_CTX_EXECUTION_DATE='2024-10-13T06:00:00+00:00' AIRFLOW_CTX_TRY_NUMBER='1' AIRFLOW_CTX_DAG_RUN_ID='scheduled__2024-10-13T06:00:00+00:00'
[2024-10-14T04:24:53.327+0000] {logging_mixin.py:190} INFO - Task instance is in running state
[2024-10-14T04:24:53.330+0000] {logging_mixin.py:190} INFO -  Previous state of the Task instance: queued
[2024-10-14T04:24:53.336+0000] {logging_mixin.py:190} INFO - Current task name:GetDataKaggle state:running start_date:2024-10-14 04:24:52.365498+00:00
[2024-10-14T04:24:53.338+0000] {logging_mixin.py:190} INFO - Dag name:kaggle_ml_pipeline and current dag run status:running
[2024-10-14T04:24:53.348+0000] {taskinstance.py:731} INFO - ::endgroup::
[2024-10-14T04:24:54.897+0000] {logging_mixin.py:190} INFO - train.csv: Skipping, found more recently modified local copy (use --force to force download)
[2024-10-14T04:24:56.435+0000] {logging_mixin.py:190} INFO - test.csv: Skipping, found more recently modified local copy (use --force to force download)
[2024-10-14T04:24:56.442+0000] {python.py:240} INFO - Done. Returned value was: dags/data/train.csv
[2024-10-14T04:24:56.487+0000] {taskinstance.py:340} INFO - ::group::Post task execution logs
[2024-10-14T04:24:56.488+0000] {taskinstance.py:352} INFO - Marking task as SUCCESS. dag_id=kaggle_ml_pipeline, task_id=GetDataKaggle, run_id=scheduled__2024-10-13T06:00:00+00:00, execution_date=20241013T060000, start_date=20241014T042452, end_date=20241014T042456
[2024-10-14T04:24:56.532+0000] {logging_mixin.py:190} INFO - Task instance in success state
[2024-10-14T04:24:56.533+0000] {logging_mixin.py:190} INFO -  Previous state of the Task instance: running
[2024-10-14T04:24:56.534+0000] {logging_mixin.py:190} INFO - Dag name:kaggle_ml_pipeline queued_at:2024-10-14 04:24:48.633584+00:00
[2024-10-14T04:24:56.534+0000] {logging_mixin.py:190} INFO - Task hostname:3865df127200 operator:PythonOperator
[2024-10-14T04:24:56.590+0000] {local_task_job_runner.py:266} INFO - Task exited with return code 0
[2024-10-14T04:24:56.621+0000] {taskinstance.py:3900} INFO - 1 downstream tasks scheduled from follow-on schedule check
[2024-10-14T04:24:56.623+0000] {local_task_job_runner.py:245} INFO - ::endgroup::
