[2024-10-14T04:31:42.978+0000] {local_task_job_runner.py:123} INFO - ::group::Pre task execution logs
[2024-10-14T04:31:42.997+0000] {taskinstance.py:2612} INFO - Dependencies all met for dep_context=non-requeueable deps ti=<TaskInstance: kaggle_ml_pipeline.GetDataKaggle scheduled__2024-10-14T02:00:00+00:00 [queued]>
[2024-10-14T04:31:43.007+0000] {taskinstance.py:2612} INFO - Dependencies all met for dep_context=requeueable deps ti=<TaskInstance: kaggle_ml_pipeline.GetDataKaggle scheduled__2024-10-14T02:00:00+00:00 [queued]>
[2024-10-14T04:31:43.008+0000] {taskinstance.py:2865} INFO - Starting attempt 1 of 2
[2024-10-14T04:31:43.020+0000] {taskinstance.py:2888} INFO - Executing <Task(PythonOperator): GetDataKaggle> on 2024-10-14 02:00:00+00:00
[2024-10-14T04:31:43.032+0000] {warnings.py:112} WARNING - /home/***/.local/lib/python3.12/site-packages/***/task/task_runner/standard_task_runner.py:70: DeprecationWarning: This process (pid=4425) is multi-threaded, use of fork() may lead to deadlocks in the child.
  pid = os.fork()

[2024-10-14T04:31:43.034+0000] {standard_task_runner.py:72} INFO - Started process 4597 to run task
[2024-10-14T04:31:43.035+0000] {standard_task_runner.py:104} INFO - Running: ['***', 'tasks', 'run', 'kaggle_ml_pipeline', 'GetDataKaggle', 'scheduled__2024-10-14T02:00:00+00:00', '--job-id', '74', '--raw', '--subdir', 'DAGS_FOLDER/data/dmc_pipeline.py', '--cfg-path', '/tmp/tmp3lqnz3_3']
[2024-10-14T04:31:43.036+0000] {standard_task_runner.py:105} INFO - Job 74: Subtask GetDataKaggle
[2024-10-14T04:31:43.093+0000] {task_command.py:467} INFO - Running <TaskInstance: kaggle_ml_pipeline.GetDataKaggle scheduled__2024-10-14T02:00:00+00:00 [running]> on host 3865df127200
[2024-10-14T04:31:43.169+0000] {taskinstance.py:3131} INFO - Exporting env vars: AIRFLOW_CTX_DAG_OWNER='***' AIRFLOW_CTX_DAG_ID='kaggle_ml_pipeline' AIRFLOW_CTX_TASK_ID='GetDataKaggle' AIRFLOW_CTX_EXECUTION_DATE='2024-10-14T02:00:00+00:00' AIRFLOW_CTX_TRY_NUMBER='1' AIRFLOW_CTX_DAG_RUN_ID='scheduled__2024-10-14T02:00:00+00:00'
[2024-10-14T04:31:43.170+0000] {logging_mixin.py:190} INFO - Task instance is in running state
[2024-10-14T04:31:43.171+0000] {logging_mixin.py:190} INFO -  Previous state of the Task instance: queued
[2024-10-14T04:31:43.171+0000] {logging_mixin.py:190} INFO - Current task name:GetDataKaggle state:running start_date:2024-10-14 04:31:42.998099+00:00
[2024-10-14T04:31:43.172+0000] {logging_mixin.py:190} INFO - Dag name:kaggle_ml_pipeline and current dag run status:running
[2024-10-14T04:31:43.172+0000] {taskinstance.py:731} INFO - ::endgroup::
[2024-10-14T04:31:44.823+0000] {logging_mixin.py:190} INFO - train.csv: Skipping, found more recently modified local copy (use --force to force download)
[2024-10-14T04:31:46.373+0000] {logging_mixin.py:190} INFO - test.csv: Skipping, found more recently modified local copy (use --force to force download)
[2024-10-14T04:31:46.379+0000] {python.py:240} INFO - Done. Returned value was: dags/data/train.csv
[2024-10-14T04:31:46.618+0000] {taskinstance.py:340} INFO - ::group::Post task execution logs
[2024-10-14T04:31:46.619+0000] {taskinstance.py:352} INFO - Marking task as SUCCESS. dag_id=kaggle_ml_pipeline, task_id=GetDataKaggle, run_id=scheduled__2024-10-14T02:00:00+00:00, execution_date=20241014T020000, start_date=20241014T043142, end_date=20241014T043146
[2024-10-14T04:31:46.627+0000] {logging_mixin.py:190} INFO - Task instance in success state
[2024-10-14T04:31:46.628+0000] {logging_mixin.py:190} INFO -  Previous state of the Task instance: running
[2024-10-14T04:31:46.628+0000] {logging_mixin.py:190} INFO - Dag name:kaggle_ml_pipeline queued_at:2024-10-14 04:31:40.741693+00:00
[2024-10-14T04:31:46.629+0000] {logging_mixin.py:190} INFO - Task hostname:3865df127200 operator:PythonOperator
[2024-10-14T04:31:46.661+0000] {local_task_job_runner.py:266} INFO - Task exited with return code 0
[2024-10-14T04:31:46.686+0000] {taskinstance.py:3900} INFO - 1 downstream tasks scheduled from follow-on schedule check
[2024-10-14T04:31:46.687+0000] {local_task_job_runner.py:245} INFO - ::endgroup::
