[2024-10-14T04:55:17.102+0000] {local_task_job_runner.py:123} INFO - ::group::Pre task execution logs
[2024-10-14T04:55:17.117+0000] {taskinstance.py:2612} INFO - Dependencies all met for dep_context=non-requeueable deps ti=<TaskInstance: kaggle_ml_pipeline.SubmitModel manual__2024-10-14T04:54:58.226225+00:00 [queued]>
[2024-10-14T04:55:17.125+0000] {taskinstance.py:2612} INFO - Dependencies all met for dep_context=requeueable deps ti=<TaskInstance: kaggle_ml_pipeline.SubmitModel manual__2024-10-14T04:54:58.226225+00:00 [queued]>
[2024-10-14T04:55:17.126+0000] {taskinstance.py:2865} INFO - Starting attempt 1 of 2
[2024-10-14T04:55:17.135+0000] {taskinstance.py:2888} INFO - Executing <Task(PythonOperator): SubmitModel> on 2024-10-14 04:54:58.226225+00:00
[2024-10-14T04:55:17.146+0000] {warnings.py:112} WARNING - /home/***/.local/lib/python3.12/site-packages/***/task/task_runner/standard_task_runner.py:70: DeprecationWarning: This process (pid=6450) is multi-threaded, use of fork() may lead to deadlocks in the child.
  pid = os.fork()

[2024-10-14T04:55:17.147+0000] {standard_task_runner.py:104} INFO - Running: ['***', 'tasks', 'run', 'kaggle_ml_pipeline', 'SubmitModel', 'manual__2024-10-14T04:54:58.226225+00:00', '--job-id', '103', '--raw', '--subdir', 'DAGS_FOLDER/dmc_pipeline.py', '--cfg-path', '/tmp/tmph2p4pn8u']
[2024-10-14T04:55:17.147+0000] {standard_task_runner.py:72} INFO - Started process 6493 to run task
[2024-10-14T04:55:17.148+0000] {standard_task_runner.py:105} INFO - Job 103: Subtask SubmitModel
[2024-10-14T04:55:17.184+0000] {task_command.py:467} INFO - Running <TaskInstance: kaggle_ml_pipeline.SubmitModel manual__2024-10-14T04:54:58.226225+00:00 [running]> on host 3865df127200
[2024-10-14T04:55:17.250+0000] {taskinstance.py:3131} INFO - Exporting env vars: AIRFLOW_CTX_DAG_OWNER='***' AIRFLOW_CTX_DAG_ID='kaggle_ml_pipeline' AIRFLOW_CTX_TASK_ID='SubmitModel' AIRFLOW_CTX_EXECUTION_DATE='2024-10-14T04:54:58.226225+00:00' AIRFLOW_CTX_TRY_NUMBER='1' AIRFLOW_CTX_DAG_RUN_ID='manual__2024-10-14T04:54:58.226225+00:00'
[2024-10-14T04:55:17.251+0000] {logging_mixin.py:190} INFO - Task instance is in running state
[2024-10-14T04:55:17.252+0000] {logging_mixin.py:190} INFO -  Previous state of the Task instance: queued
[2024-10-14T04:55:17.252+0000] {logging_mixin.py:190} INFO - Current task name:SubmitModel state:running start_date:2024-10-14 04:55:17.118568+00:00
[2024-10-14T04:55:17.252+0000] {logging_mixin.py:190} INFO - Dag name:kaggle_ml_pipeline and current dag run status:running
[2024-10-14T04:55:17.253+0000] {taskinstance.py:731} INFO - ::endgroup::
[2024-10-14T04:55:17.464+0000] {logging_mixin.py:190} INFO - Modelo guardado en opt/***/dags/data/model_dmc.joblib
[2024-10-14T04:55:17.473+0000] {python.py:240} INFO - Done. Returned value was: None
[2024-10-14T04:55:17.482+0000] {taskinstance.py:340} INFO - ::group::Post task execution logs
[2024-10-14T04:55:17.483+0000] {taskinstance.py:352} INFO - Marking task as SUCCESS. dag_id=kaggle_ml_pipeline, task_id=SubmitModel, run_id=manual__2024-10-14T04:54:58.226225+00:00, execution_date=20241014T045458, start_date=20241014T045517, end_date=20241014T045517
[2024-10-14T04:55:17.498+0000] {logging_mixin.py:190} INFO - Task instance in success state
[2024-10-14T04:55:17.499+0000] {logging_mixin.py:190} INFO -  Previous state of the Task instance: running
[2024-10-14T04:55:17.499+0000] {logging_mixin.py:190} INFO - Dag name:kaggle_ml_pipeline queued_at:2024-10-14 04:54:58.235963+00:00
[2024-10-14T04:55:17.500+0000] {logging_mixin.py:190} INFO - Task hostname:3865df127200 operator:PythonOperator
[2024-10-14T04:55:17.523+0000] {local_task_job_runner.py:266} INFO - Task exited with return code 0
[2024-10-14T04:55:17.541+0000] {taskinstance.py:3900} INFO - 1 downstream tasks scheduled from follow-on schedule check
[2024-10-14T04:55:17.543+0000] {local_task_job_runner.py:245} INFO - ::endgroup::
