[2024-10-14T04:21:31.651+0000] {local_task_job_runner.py:123} INFO - ::group::Pre task execution logs
[2024-10-14T04:21:31.687+0000] {taskinstance.py:2612} INFO - Dependencies all met for dep_context=non-requeueable deps ti=<TaskInstance: kaggle_ml_pipeline.GetDataKaggle scheduled__2024-10-13T07:00:00+00:00 [queued]>
[2024-10-14T04:21:31.714+0000] {taskinstance.py:2612} INFO - Dependencies all met for dep_context=requeueable deps ti=<TaskInstance: kaggle_ml_pipeline.GetDataKaggle scheduled__2024-10-13T07:00:00+00:00 [queued]>
[2024-10-14T04:21:31.715+0000] {taskinstance.py:2865} INFO - Starting attempt 1 of 2
[2024-10-14T04:21:31.742+0000] {taskinstance.py:2888} INFO - Executing <Task(PythonOperator): GetDataKaggle> on 2024-10-13 07:00:00+00:00
[2024-10-14T04:21:31.766+0000] {warnings.py:112} WARNING - /home/***/.local/lib/python3.12/site-packages/***/task/task_runner/standard_task_runner.py:70: DeprecationWarning: This process (pid=176) is multi-threaded, use of fork() may lead to deadlocks in the child.
  pid = os.fork()

[2024-10-14T04:21:31.771+0000] {standard_task_runner.py:72} INFO - Started process 858 to run task
[2024-10-14T04:21:31.774+0000] {standard_task_runner.py:104} INFO - Running: ['***', 'tasks', 'run', 'kaggle_ml_pipeline', 'GetDataKaggle', 'scheduled__2024-10-13T07:00:00+00:00', '--job-id', '11', '--raw', '--subdir', 'DAGS_FOLDER/data/dmc_pipeline.py', '--cfg-path', '/tmp/tmplaf8944n']
[2024-10-14T04:21:31.783+0000] {standard_task_runner.py:105} INFO - Job 11: Subtask GetDataKaggle
[2024-10-14T04:21:31.984+0000] {task_command.py:467} INFO - Running <TaskInstance: kaggle_ml_pipeline.GetDataKaggle scheduled__2024-10-13T07:00:00+00:00 [running]> on host 3865df127200
[2024-10-14T04:21:32.159+0000] {taskinstance.py:3131} INFO - Exporting env vars: AIRFLOW_CTX_DAG_OWNER='***' AIRFLOW_CTX_DAG_ID='kaggle_ml_pipeline' AIRFLOW_CTX_TASK_ID='GetDataKaggle' AIRFLOW_CTX_EXECUTION_DATE='2024-10-13T07:00:00+00:00' AIRFLOW_CTX_TRY_NUMBER='1' AIRFLOW_CTX_DAG_RUN_ID='scheduled__2024-10-13T07:00:00+00:00'
[2024-10-14T04:21:32.164+0000] {logging_mixin.py:190} INFO - Task instance is in running state
[2024-10-14T04:21:32.165+0000] {logging_mixin.py:190} INFO -  Previous state of the Task instance: queued
[2024-10-14T04:21:32.165+0000] {logging_mixin.py:190} INFO - Current task name:GetDataKaggle state:running start_date:2024-10-14 04:21:31.691943+00:00
[2024-10-14T04:21:32.166+0000] {logging_mixin.py:190} INFO - Dag name:kaggle_ml_pipeline and current dag run status:running
[2024-10-14T04:21:32.166+0000] {taskinstance.py:731} INFO - ::endgroup::
[2024-10-14T04:21:35.228+0000] {logging_mixin.py:190} INFO - train.csv: Skipping, found more recently modified local copy (use --force to force download)
[2024-10-14T04:21:37.740+0000] {logging_mixin.py:190} INFO - test.csv: Skipping, found more recently modified local copy (use --force to force download)
[2024-10-14T04:21:37.750+0000] {python.py:240} INFO - Done. Returned value was: dags/data/train.csv
[2024-10-14T04:21:37.810+0000] {taskinstance.py:340} INFO - ::group::Post task execution logs
[2024-10-14T04:21:37.811+0000] {taskinstance.py:352} INFO - Marking task as SUCCESS. dag_id=kaggle_ml_pipeline, task_id=GetDataKaggle, run_id=scheduled__2024-10-13T07:00:00+00:00, execution_date=20241013T070000, start_date=20241014T042131, end_date=20241014T042137
[2024-10-14T04:21:37.845+0000] {logging_mixin.py:190} INFO - Task instance in success state
[2024-10-14T04:21:37.851+0000] {logging_mixin.py:190} INFO -  Previous state of the Task instance: running
[2024-10-14T04:21:37.873+0000] {logging_mixin.py:190} INFO - Dag name:kaggle_ml_pipeline queued_at:2024-10-14 04:21:26.130194+00:00
[2024-10-14T04:21:37.874+0000] {logging_mixin.py:190} INFO - Task hostname:3865df127200 operator:PythonOperator
[2024-10-14T04:21:37.968+0000] {local_task_job_runner.py:266} INFO - Task exited with return code 0
[2024-10-14T04:21:37.980+0000] {local_task_job_runner.py:245} INFO - ::endgroup::
[2024-10-14T04:24:53.013+0000] {local_task_job_runner.py:123} INFO - ::group::Pre task execution logs
[2024-10-14T04:24:53.047+0000] {taskinstance.py:2612} INFO - Dependencies all met for dep_context=non-requeueable deps ti=<TaskInstance: kaggle_ml_pipeline.GetDataKaggle scheduled__2024-10-13T07:00:00+00:00 [queued]>
[2024-10-14T04:24:53.066+0000] {taskinstance.py:2612} INFO - Dependencies all met for dep_context=requeueable deps ti=<TaskInstance: kaggle_ml_pipeline.GetDataKaggle scheduled__2024-10-13T07:00:00+00:00 [queued]>
[2024-10-14T04:24:53.067+0000] {taskinstance.py:2865} INFO - Starting attempt 1 of 2
[2024-10-14T04:24:53.094+0000] {taskinstance.py:2888} INFO - Executing <Task(PythonOperator): GetDataKaggle> on 2024-10-13 07:00:00+00:00
[2024-10-14T04:24:53.123+0000] {warnings.py:112} WARNING - /home/***/.local/lib/python3.12/site-packages/***/task/task_runner/standard_task_runner.py:70: DeprecationWarning: This process (pid=2587) is multi-threaded, use of fork() may lead to deadlocks in the child.
  pid = os.fork()

[2024-10-14T04:24:53.129+0000] {standard_task_runner.py:72} INFO - Started process 3156 to run task
[2024-10-14T04:24:53.140+0000] {standard_task_runner.py:104} INFO - Running: ['***', 'tasks', 'run', 'kaggle_ml_pipeline', 'GetDataKaggle', 'scheduled__2024-10-13T07:00:00+00:00', '--job-id', '47', '--raw', '--subdir', 'DAGS_FOLDER/data/dmc_pipeline.py', '--cfg-path', '/tmp/tmpt7bew_v4']
[2024-10-14T04:24:53.146+0000] {standard_task_runner.py:105} INFO - Job 47: Subtask GetDataKaggle
[2024-10-14T04:24:53.249+0000] {task_command.py:467} INFO - Running <TaskInstance: kaggle_ml_pipeline.GetDataKaggle scheduled__2024-10-13T07:00:00+00:00 [running]> on host 3865df127200
[2024-10-14T04:24:53.897+0000] {taskinstance.py:3131} INFO - Exporting env vars: AIRFLOW_CTX_DAG_OWNER='***' AIRFLOW_CTX_DAG_ID='kaggle_ml_pipeline' AIRFLOW_CTX_TASK_ID='GetDataKaggle' AIRFLOW_CTX_EXECUTION_DATE='2024-10-13T07:00:00+00:00' AIRFLOW_CTX_TRY_NUMBER='1' AIRFLOW_CTX_DAG_RUN_ID='scheduled__2024-10-13T07:00:00+00:00'
[2024-10-14T04:24:53.899+0000] {logging_mixin.py:190} INFO - Task instance is in running state
[2024-10-14T04:24:53.900+0000] {logging_mixin.py:190} INFO -  Previous state of the Task instance: queued
[2024-10-14T04:24:53.900+0000] {logging_mixin.py:190} INFO - Current task name:GetDataKaggle state:running start_date:2024-10-14 04:24:53.048698+00:00
[2024-10-14T04:24:53.901+0000] {logging_mixin.py:190} INFO - Dag name:kaggle_ml_pipeline and current dag run status:running
[2024-10-14T04:24:53.901+0000] {taskinstance.py:731} INFO - ::endgroup::
[2024-10-14T04:24:55.838+0000] {logging_mixin.py:190} INFO - train.csv: Skipping, found more recently modified local copy (use --force to force download)
[2024-10-14T04:24:57.366+0000] {logging_mixin.py:190} INFO - test.csv: Skipping, found more recently modified local copy (use --force to force download)
[2024-10-14T04:24:57.373+0000] {python.py:240} INFO - Done. Returned value was: dags/data/train.csv
[2024-10-14T04:24:57.404+0000] {taskinstance.py:340} INFO - ::group::Post task execution logs
[2024-10-14T04:24:57.404+0000] {taskinstance.py:352} INFO - Marking task as SUCCESS. dag_id=kaggle_ml_pipeline, task_id=GetDataKaggle, run_id=scheduled__2024-10-13T07:00:00+00:00, execution_date=20241013T070000, start_date=20241014T042453, end_date=20241014T042457
[2024-10-14T04:24:57.418+0000] {logging_mixin.py:190} INFO - Task instance in success state
[2024-10-14T04:24:57.419+0000] {logging_mixin.py:190} INFO -  Previous state of the Task instance: running
[2024-10-14T04:24:57.419+0000] {logging_mixin.py:190} INFO - Dag name:kaggle_ml_pipeline queued_at:2024-10-14 04:24:48.845165+00:00
[2024-10-14T04:24:57.420+0000] {logging_mixin.py:190} INFO - Task hostname:3865df127200 operator:PythonOperator
[2024-10-14T04:24:57.465+0000] {local_task_job_runner.py:266} INFO - Task exited with return code 0
[2024-10-14T04:24:57.494+0000] {taskinstance.py:3900} INFO - 1 downstream tasks scheduled from follow-on schedule check
[2024-10-14T04:24:57.497+0000] {local_task_job_runner.py:245} INFO - ::endgroup::
