[2024-10-14T04:58:04.226+0000] {local_task_job_runner.py:123} INFO - ::group::Pre task execution logs
[2024-10-14T04:58:04.241+0000] {taskinstance.py:2612} INFO - Dependencies all met for dep_context=non-requeueable deps ti=<TaskInstance: kaggle_ml_pipeline.ML_Kaggle manual__2024-10-14T04:47:44.141159+00:00 [queued]>
[2024-10-14T04:58:04.248+0000] {taskinstance.py:2612} INFO - Dependencies all met for dep_context=requeueable deps ti=<TaskInstance: kaggle_ml_pipeline.ML_Kaggle manual__2024-10-14T04:47:44.141159+00:00 [queued]>
[2024-10-14T04:58:04.249+0000] {taskinstance.py:2865} INFO - Starting attempt 2 of 2
[2024-10-14T04:58:04.260+0000] {taskinstance.py:2888} INFO - Executing <Task(PythonOperator): ML_Kaggle> on 2024-10-14 04:47:44.141159+00:00
[2024-10-14T04:58:04.270+0000] {warnings.py:112} WARNING - /home/***/.local/lib/python3.12/site-packages/***/task/task_runner/standard_task_runner.py:70: DeprecationWarning: This process (pid=6905) is multi-threaded, use of fork() may lead to deadlocks in the child.
  pid = os.fork()

[2024-10-14T04:58:04.272+0000] {standard_task_runner.py:104} INFO - Running: ['***', 'tasks', 'run', 'kaggle_ml_pipeline', 'ML_Kaggle', 'manual__2024-10-14T04:47:44.141159+00:00', '--job-id', '111', '--raw', '--subdir', 'DAGS_FOLDER/dmc_pipeline.py', '--cfg-path', '/tmp/tmpxw_og2b8']
[2024-10-14T04:58:04.273+0000] {standard_task_runner.py:72} INFO - Started process 6948 to run task
[2024-10-14T04:58:04.273+0000] {standard_task_runner.py:105} INFO - Job 111: Subtask ML_Kaggle
[2024-10-14T04:58:04.311+0000] {task_command.py:467} INFO - Running <TaskInstance: kaggle_ml_pipeline.ML_Kaggle manual__2024-10-14T04:47:44.141159+00:00 [running]> on host 3865df127200
[2024-10-14T04:58:04.385+0000] {taskinstance.py:3131} INFO - Exporting env vars: AIRFLOW_CTX_DAG_OWNER='***' AIRFLOW_CTX_DAG_ID='kaggle_ml_pipeline' AIRFLOW_CTX_TASK_ID='ML_Kaggle' AIRFLOW_CTX_EXECUTION_DATE='2024-10-14T04:47:44.141159+00:00' AIRFLOW_CTX_TRY_NUMBER='2' AIRFLOW_CTX_DAG_RUN_ID='manual__2024-10-14T04:47:44.141159+00:00'
[2024-10-14T04:58:04.386+0000] {logging_mixin.py:190} INFO - Task instance is in running state
[2024-10-14T04:58:04.386+0000] {logging_mixin.py:190} INFO -  Previous state of the Task instance: queued
[2024-10-14T04:58:04.387+0000] {logging_mixin.py:190} INFO - Current task name:ML_Kaggle state:running start_date:2024-10-14 04:58:04.242422+00:00
[2024-10-14T04:58:04.387+0000] {logging_mixin.py:190} INFO - Dag name:kaggle_ml_pipeline and current dag run status:running
[2024-10-14T04:58:04.388+0000] {taskinstance.py:731} INFO - ::endgroup::
[2024-10-14T04:58:13.070+0000] {logging_mixin.py:190} INFO - Precisión: 0.9491857788387756
[2024-10-14T04:58:13.197+0000] {python.py:240} INFO - Done. Returned value was: None
[2024-10-14T04:58:13.206+0000] {taskinstance.py:340} INFO - ::group::Post task execution logs
[2024-10-14T04:58:13.207+0000] {taskinstance.py:352} INFO - Marking task as SUCCESS. dag_id=kaggle_ml_pipeline, task_id=ML_Kaggle, run_id=manual__2024-10-14T04:47:44.141159+00:00, execution_date=20241014T044744, start_date=20241014T045804, end_date=20241014T045813
[2024-10-14T04:58:13.233+0000] {logging_mixin.py:190} INFO - Task instance in success state
[2024-10-14T04:58:13.234+0000] {logging_mixin.py:190} INFO -  Previous state of the Task instance: running
[2024-10-14T04:58:13.234+0000] {logging_mixin.py:190} INFO - Dag name:kaggle_ml_pipeline queued_at:2024-10-14 04:47:44.150658+00:00
[2024-10-14T04:58:13.235+0000] {logging_mixin.py:190} INFO - Task hostname:3865df127200 operator:PythonOperator
[2024-10-14T04:58:13.270+0000] {local_task_job_runner.py:266} INFO - Task exited with return code 0
[2024-10-14T04:58:13.290+0000] {taskinstance.py:3900} INFO - 1 downstream tasks scheduled from follow-on schedule check
[2024-10-14T04:58:13.292+0000] {local_task_job_runner.py:245} INFO - ::endgroup::
