[2024-10-14T04:21:31.568+0000] {local_task_job_runner.py:123} INFO - ::group::Pre task execution logs
[2024-10-14T04:21:31.616+0000] {taskinstance.py:2612} INFO - Dependencies all met for dep_context=non-requeueable deps ti=<TaskInstance: kaggle_ml_pipeline.GetDataKaggle scheduled__2024-10-13T08:00:00+00:00 [queued]>
[2024-10-14T04:21:31.629+0000] {taskinstance.py:2612} INFO - Dependencies all met for dep_context=requeueable deps ti=<TaskInstance: kaggle_ml_pipeline.GetDataKaggle scheduled__2024-10-13T08:00:00+00:00 [queued]>
[2024-10-14T04:21:31.632+0000] {taskinstance.py:2865} INFO - Starting attempt 1 of 2
[2024-10-14T04:21:31.694+0000] {taskinstance.py:2888} INFO - Executing <Task(PythonOperator): GetDataKaggle> on 2024-10-13 08:00:00+00:00
[2024-10-14T04:21:31.709+0000] {warnings.py:112} WARNING - /home/***/.local/lib/python3.12/site-packages/***/task/task_runner/standard_task_runner.py:70: DeprecationWarning: This process (pid=178) is multi-threaded, use of fork() may lead to deadlocks in the child.
  pid = os.fork()

[2024-10-14T04:21:31.724+0000] {standard_task_runner.py:72} INFO - Started process 856 to run task
[2024-10-14T04:21:31.713+0000] {standard_task_runner.py:104} INFO - Running: ['***', 'tasks', 'run', 'kaggle_ml_pipeline', 'GetDataKaggle', 'scheduled__2024-10-13T08:00:00+00:00', '--job-id', '7', '--raw', '--subdir', 'DAGS_FOLDER/data/dmc_pipeline.py', '--cfg-path', '/tmp/tmpge6g4o87']
[2024-10-14T04:21:31.726+0000] {standard_task_runner.py:105} INFO - Job 7: Subtask GetDataKaggle
[2024-10-14T04:21:31.846+0000] {task_command.py:467} INFO - Running <TaskInstance: kaggle_ml_pipeline.GetDataKaggle scheduled__2024-10-13T08:00:00+00:00 [running]> on host 3865df127200
[2024-10-14T04:21:32.026+0000] {taskinstance.py:3131} INFO - Exporting env vars: AIRFLOW_CTX_DAG_OWNER='***' AIRFLOW_CTX_DAG_ID='kaggle_ml_pipeline' AIRFLOW_CTX_TASK_ID='GetDataKaggle' AIRFLOW_CTX_EXECUTION_DATE='2024-10-13T08:00:00+00:00' AIRFLOW_CTX_TRY_NUMBER='1' AIRFLOW_CTX_DAG_RUN_ID='scheduled__2024-10-13T08:00:00+00:00'
[2024-10-14T04:21:32.028+0000] {logging_mixin.py:190} INFO - Task instance is in running state
[2024-10-14T04:21:32.029+0000] {logging_mixin.py:190} INFO -  Previous state of the Task instance: queued
[2024-10-14T04:21:32.032+0000] {logging_mixin.py:190} INFO - Current task name:GetDataKaggle state:running start_date:2024-10-14 04:21:31.617891+00:00
[2024-10-14T04:21:32.033+0000] {logging_mixin.py:190} INFO - Dag name:kaggle_ml_pipeline and current dag run status:running
[2024-10-14T04:21:32.033+0000] {taskinstance.py:731} INFO - ::endgroup::
[2024-10-14T04:21:33.973+0000] {logging_mixin.py:190} INFO - Downloading train.csv to dags/data
[2024-10-14T04:21:33.976+0000] {logging_mixin.py:190} WARNING -   0%|          | 0.00/3.39M [00:00<?, ?B/s]
[2024-10-14T04:21:34.630+0000] {logging_mixin.py:190} WARNING -  29%|##9       | 1.00M/3.39M [00:00<00:01, 1.61MB/s]
[2024-10-14T04:21:34.753+0000] {logging_mixin.py:190} WARNING -  59%|#####8    | 2.00M/3.39M [00:00<00:00, 3.07MB/s]
[2024-10-14T04:21:34.861+0000] {logging_mixin.py:190} WARNING -  88%|########8 | 3.00M/3.39M [00:00<00:00, 4.47MB/s]
[2024-10-14T04:21:34.901+0000] {logging_mixin.py:190} WARNING - 100%|##########| 3.39M/3.39M [00:00<00:00, 3.85MB/s]
[2024-10-14T04:21:35.502+0000] {logging_mixin.py:190} INFO - Downloading test.csv to dags/data
[2024-10-14T04:21:35.503+0000] {logging_mixin.py:190} WARNING -   0%|          | 0.00/2.19M [00:00<?, ?B/s]
[2024-10-14T04:21:36.278+0000] {logging_mixin.py:190} WARNING -  46%|####5     | 1.00M/2.19M [00:00<00:00, 1.35MB/s]
[2024-10-14T04:21:36.483+0000] {logging_mixin.py:190} WARNING -  91%|#########1| 2.00M/2.19M [00:00<00:00, 2.38MB/s]
[2024-10-14T04:21:36.528+0000] {logging_mixin.py:190} WARNING - 100%|##########| 2.19M/2.19M [00:01<00:00, 2.25MB/s]
[2024-10-14T04:21:36.533+0000] {python.py:240} INFO - Done. Returned value was: dags/data/train.csv
[2024-10-14T04:21:36.789+0000] {taskinstance.py:340} INFO - ::group::Post task execution logs
[2024-10-14T04:21:36.789+0000] {taskinstance.py:352} INFO - Marking task as SUCCESS. dag_id=kaggle_ml_pipeline, task_id=GetDataKaggle, run_id=scheduled__2024-10-13T08:00:00+00:00, execution_date=20241013T080000, start_date=20241014T042131, end_date=20241014T042136
[2024-10-14T04:21:36.801+0000] {logging_mixin.py:190} INFO - Task instance in success state
[2024-10-14T04:21:36.802+0000] {logging_mixin.py:190} INFO -  Previous state of the Task instance: running
[2024-10-14T04:21:36.802+0000] {logging_mixin.py:190} INFO - Dag name:kaggle_ml_pipeline queued_at:2024-10-14 04:21:26.345574+00:00
[2024-10-14T04:21:36.803+0000] {logging_mixin.py:190} INFO - Task hostname:3865df127200 operator:PythonOperator
[2024-10-14T04:21:36.860+0000] {local_task_job_runner.py:266} INFO - Task exited with return code 0
[2024-10-14T04:21:36.894+0000] {taskinstance.py:3900} INFO - 1 downstream tasks scheduled from follow-on schedule check
[2024-10-14T04:21:36.901+0000] {local_task_job_runner.py:245} INFO - ::endgroup::
[2024-10-14T04:24:53.614+0000] {local_task_job_runner.py:123} INFO - ::group::Pre task execution logs
[2024-10-14T04:24:53.657+0000] {taskinstance.py:2612} INFO - Dependencies all met for dep_context=non-requeueable deps ti=<TaskInstance: kaggle_ml_pipeline.GetDataKaggle scheduled__2024-10-13T08:00:00+00:00 [queued]>
[2024-10-14T04:24:53.677+0000] {taskinstance.py:2612} INFO - Dependencies all met for dep_context=requeueable deps ti=<TaskInstance: kaggle_ml_pipeline.GetDataKaggle scheduled__2024-10-13T08:00:00+00:00 [queued]>
[2024-10-14T04:24:53.678+0000] {taskinstance.py:2865} INFO - Starting attempt 1 of 2
[2024-10-14T04:24:53.711+0000] {taskinstance.py:2888} INFO - Executing <Task(PythonOperator): GetDataKaggle> on 2024-10-13 08:00:00+00:00
[2024-10-14T04:24:53.734+0000] {standard_task_runner.py:104} INFO - Running: ['***', 'tasks', 'run', 'kaggle_ml_pipeline', 'GetDataKaggle', 'scheduled__2024-10-13T08:00:00+00:00', '--job-id', '48', '--raw', '--subdir', 'DAGS_FOLDER/data/dmc_pipeline.py', '--cfg-path', '/tmp/tmpis8ylp7y']
[2024-10-14T04:24:53.731+0000] {warnings.py:112} WARNING - /home/***/.local/lib/python3.12/site-packages/***/task/task_runner/standard_task_runner.py:70: DeprecationWarning: This process (pid=2630) is multi-threaded, use of fork() may lead to deadlocks in the child.
  pid = os.fork()

[2024-10-14T04:24:53.740+0000] {standard_task_runner.py:72} INFO - Started process 3289 to run task
[2024-10-14T04:24:53.740+0000] {standard_task_runner.py:105} INFO - Job 48: Subtask GetDataKaggle
[2024-10-14T04:24:53.826+0000] {task_command.py:467} INFO - Running <TaskInstance: kaggle_ml_pipeline.GetDataKaggle scheduled__2024-10-13T08:00:00+00:00 [running]> on host 3865df127200
[2024-10-14T04:24:54.346+0000] {taskinstance.py:3131} INFO - Exporting env vars: AIRFLOW_CTX_DAG_OWNER='***' AIRFLOW_CTX_DAG_ID='kaggle_ml_pipeline' AIRFLOW_CTX_TASK_ID='GetDataKaggle' AIRFLOW_CTX_EXECUTION_DATE='2024-10-13T08:00:00+00:00' AIRFLOW_CTX_TRY_NUMBER='1' AIRFLOW_CTX_DAG_RUN_ID='scheduled__2024-10-13T08:00:00+00:00'
[2024-10-14T04:24:54.348+0000] {logging_mixin.py:190} INFO - Task instance is in running state
[2024-10-14T04:24:54.349+0000] {logging_mixin.py:190} INFO -  Previous state of the Task instance: queued
[2024-10-14T04:24:54.349+0000] {logging_mixin.py:190} INFO - Current task name:GetDataKaggle state:running start_date:2024-10-14 04:24:53.658361+00:00
[2024-10-14T04:24:54.350+0000] {logging_mixin.py:190} INFO - Dag name:kaggle_ml_pipeline and current dag run status:running
[2024-10-14T04:24:54.350+0000] {taskinstance.py:731} INFO - ::endgroup::
[2024-10-14T04:24:56.713+0000] {logging_mixin.py:190} INFO - train.csv: Skipping, found more recently modified local copy (use --force to force download)
[2024-10-14T04:24:58.553+0000] {logging_mixin.py:190} INFO - test.csv: Skipping, found more recently modified local copy (use --force to force download)
[2024-10-14T04:24:58.560+0000] {python.py:240} INFO - Done. Returned value was: dags/data/train.csv
[2024-10-14T04:24:58.594+0000] {taskinstance.py:340} INFO - ::group::Post task execution logs
[2024-10-14T04:24:58.595+0000] {taskinstance.py:352} INFO - Marking task as SUCCESS. dag_id=kaggle_ml_pipeline, task_id=GetDataKaggle, run_id=scheduled__2024-10-13T08:00:00+00:00, execution_date=20241013T080000, start_date=20241014T042453, end_date=20241014T042458
[2024-10-14T04:24:58.614+0000] {logging_mixin.py:190} INFO - Task instance in success state
[2024-10-14T04:24:58.618+0000] {logging_mixin.py:190} INFO -  Previous state of the Task instance: running
[2024-10-14T04:24:58.619+0000] {logging_mixin.py:190} INFO - Dag name:kaggle_ml_pipeline queued_at:2024-10-14 04:24:49.042864+00:00
[2024-10-14T04:24:58.619+0000] {logging_mixin.py:190} INFO - Task hostname:3865df127200 operator:PythonOperator
[2024-10-14T04:24:58.662+0000] {local_task_job_runner.py:266} INFO - Task exited with return code 0
[2024-10-14T04:24:58.717+0000] {taskinstance.py:3900} INFO - 1 downstream tasks scheduled from follow-on schedule check
[2024-10-14T04:24:58.720+0000] {local_task_job_runner.py:245} INFO - ::endgroup::
[2024-10-14T04:24:58.742+0000] {standard_task_runner.py:217} INFO - Process not found (most likely exited), stop collecting metrics
