[2024-10-14T04:54:54.995+0000] {local_task_job_runner.py:123} INFO - ::group::Pre task execution logs
[2024-10-14T04:54:55.013+0000] {taskinstance.py:2612} INFO - Dependencies all met for dep_context=non-requeueable deps ti=<TaskInstance: kaggle_ml_pipeline.ML_Kaggle manual__2024-10-14T04:49:35.979465+00:00 [queued]>
[2024-10-14T04:54:55.022+0000] {taskinstance.py:2612} INFO - Dependencies all met for dep_context=requeueable deps ti=<TaskInstance: kaggle_ml_pipeline.ML_Kaggle manual__2024-10-14T04:49:35.979465+00:00 [queued]>
[2024-10-14T04:54:55.023+0000] {taskinstance.py:2865} INFO - Starting attempt 2 of 2
[2024-10-14T04:54:55.036+0000] {taskinstance.py:2888} INFO - Executing <Task(PythonOperator): ML_Kaggle> on 2024-10-14 04:49:35.979465+00:00
[2024-10-14T04:54:55.046+0000] {warnings.py:112} WARNING - /home/***/.local/lib/python3.12/site-packages/***/task/task_runner/standard_task_runner.py:70: DeprecationWarning: This process (pid=6195) is multi-threaded, use of fork() may lead to deadlocks in the child.
  pid = os.fork()

[2024-10-14T04:54:55.047+0000] {standard_task_runner.py:104} INFO - Running: ['***', 'tasks', 'run', 'kaggle_ml_pipeline', 'ML_Kaggle', 'manual__2024-10-14T04:49:35.979465+00:00', '--job-id', '98', '--raw', '--subdir', 'DAGS_FOLDER/dmc_pipeline.py', '--cfg-path', '/tmp/tmpez4xz0yq']
[2024-10-14T04:54:55.048+0000] {standard_task_runner.py:72} INFO - Started process 6238 to run task
[2024-10-14T04:54:55.048+0000] {standard_task_runner.py:105} INFO - Job 98: Subtask ML_Kaggle
[2024-10-14T04:54:55.085+0000] {task_command.py:467} INFO - Running <TaskInstance: kaggle_ml_pipeline.ML_Kaggle manual__2024-10-14T04:49:35.979465+00:00 [running]> on host 3865df127200
[2024-10-14T04:54:55.151+0000] {taskinstance.py:3131} INFO - Exporting env vars: AIRFLOW_CTX_DAG_OWNER='***' AIRFLOW_CTX_DAG_ID='kaggle_ml_pipeline' AIRFLOW_CTX_TASK_ID='ML_Kaggle' AIRFLOW_CTX_EXECUTION_DATE='2024-10-14T04:49:35.979465+00:00' AIRFLOW_CTX_TRY_NUMBER='2' AIRFLOW_CTX_DAG_RUN_ID='manual__2024-10-14T04:49:35.979465+00:00'
[2024-10-14T04:54:55.153+0000] {logging_mixin.py:190} INFO - Task instance is in running state
[2024-10-14T04:54:55.153+0000] {logging_mixin.py:190} INFO -  Previous state of the Task instance: queued
[2024-10-14T04:54:55.153+0000] {logging_mixin.py:190} INFO - Current task name:ML_Kaggle state:running start_date:2024-10-14 04:54:55.013809+00:00
[2024-10-14T04:54:55.154+0000] {logging_mixin.py:190} INFO - Dag name:kaggle_ml_pipeline and current dag run status:running
[2024-10-14T04:54:55.154+0000] {taskinstance.py:731} INFO - ::endgroup::
[2024-10-14T04:55:03.145+0000] {logging_mixin.py:190} INFO - Precisión: 0.9491857788387756
[2024-10-14T04:55:03.261+0000] {python.py:240} INFO - Done. Returned value was: None
[2024-10-14T04:55:03.270+0000] {taskinstance.py:340} INFO - ::group::Post task execution logs
[2024-10-14T04:55:03.270+0000] {taskinstance.py:352} INFO - Marking task as SUCCESS. dag_id=kaggle_ml_pipeline, task_id=ML_Kaggle, run_id=manual__2024-10-14T04:49:35.979465+00:00, execution_date=20241014T044935, start_date=20241014T045455, end_date=20241014T045503
[2024-10-14T04:55:03.292+0000] {logging_mixin.py:190} INFO - Task instance in success state
[2024-10-14T04:55:03.293+0000] {logging_mixin.py:190} INFO -  Previous state of the Task instance: running
[2024-10-14T04:55:03.293+0000] {logging_mixin.py:190} INFO - Dag name:kaggle_ml_pipeline queued_at:2024-10-14 04:49:35.987139+00:00
[2024-10-14T04:55:03.293+0000] {logging_mixin.py:190} INFO - Task hostname:3865df127200 operator:PythonOperator
[2024-10-14T04:55:03.321+0000] {local_task_job_runner.py:266} INFO - Task exited with return code 0
[2024-10-14T04:55:03.342+0000] {taskinstance.py:3900} INFO - 1 downstream tasks scheduled from follow-on schedule check
[2024-10-14T04:55:03.343+0000] {local_task_job_runner.py:245} INFO - ::endgroup::
