[2024-10-14T04:24:55.962+0000] {local_task_job_runner.py:123} INFO - ::group::Pre task execution logs
[2024-10-14T04:24:55.985+0000] {taskinstance.py:2612} INFO - Dependencies all met for dep_context=non-requeueable deps ti=<TaskInstance: kaggle_ml_pipeline.GetDataKaggle scheduled__2024-10-13T15:00:00+00:00 [queued]>
[2024-10-14T04:24:55.995+0000] {taskinstance.py:2612} INFO - Dependencies all met for dep_context=requeueable deps ti=<TaskInstance: kaggle_ml_pipeline.GetDataKaggle scheduled__2024-10-13T15:00:00+00:00 [queued]>
[2024-10-14T04:24:55.996+0000] {taskinstance.py:2865} INFO - Starting attempt 1 of 2
[2024-10-14T04:24:56.017+0000] {taskinstance.py:2888} INFO - Executing <Task(PythonOperator): GetDataKaggle> on 2024-10-13 15:00:00+00:00
[2024-10-14T04:24:56.029+0000] {warnings.py:112} WARNING - /home/***/.local/lib/python3.12/site-packages/***/task/task_runner/standard_task_runner.py:70: DeprecationWarning: This process (pid=3095) is multi-threaded, use of fork() may lead to deadlocks in the child.
  pid = os.fork()

[2024-10-14T04:24:56.031+0000] {standard_task_runner.py:72} INFO - Started process 3600 to run task
[2024-10-14T04:24:56.031+0000] {standard_task_runner.py:104} INFO - Running: ['***', 'tasks', 'run', 'kaggle_ml_pipeline', 'GetDataKaggle', 'scheduled__2024-10-13T15:00:00+00:00', '--job-id', '55', '--raw', '--subdir', 'DAGS_FOLDER/data/dmc_pipeline.py', '--cfg-path', '/tmp/tmpji89uc_e']
[2024-10-14T04:24:56.032+0000] {standard_task_runner.py:105} INFO - Job 55: Subtask GetDataKaggle
[2024-10-14T04:24:56.100+0000] {task_command.py:467} INFO - Running <TaskInstance: kaggle_ml_pipeline.GetDataKaggle scheduled__2024-10-13T15:00:00+00:00 [running]> on host 3865df127200
[2024-10-14T04:24:56.467+0000] {taskinstance.py:3131} INFO - Exporting env vars: AIRFLOW_CTX_DAG_OWNER='***' AIRFLOW_CTX_DAG_ID='kaggle_ml_pipeline' AIRFLOW_CTX_TASK_ID='GetDataKaggle' AIRFLOW_CTX_EXECUTION_DATE='2024-10-13T15:00:00+00:00' AIRFLOW_CTX_TRY_NUMBER='1' AIRFLOW_CTX_DAG_RUN_ID='scheduled__2024-10-13T15:00:00+00:00'
[2024-10-14T04:24:56.468+0000] {logging_mixin.py:190} INFO - Task instance is in running state
[2024-10-14T04:24:56.468+0000] {logging_mixin.py:190} INFO -  Previous state of the Task instance: queued
[2024-10-14T04:24:56.469+0000] {logging_mixin.py:190} INFO - Current task name:GetDataKaggle state:running start_date:2024-10-14 04:24:55.985684+00:00
[2024-10-14T04:24:56.470+0000] {logging_mixin.py:190} INFO - Dag name:kaggle_ml_pipeline and current dag run status:running
[2024-10-14T04:24:56.470+0000] {taskinstance.py:731} INFO - ::endgroup::
[2024-10-14T04:24:58.232+0000] {logging_mixin.py:190} INFO - train.csv: Skipping, found more recently modified local copy (use --force to force download)
[2024-10-14T04:25:00.397+0000] {logging_mixin.py:190} INFO - test.csv: Skipping, found more recently modified local copy (use --force to force download)
[2024-10-14T04:25:00.406+0000] {python.py:240} INFO - Done. Returned value was: dags/data/train.csv
[2024-10-14T04:25:00.519+0000] {taskinstance.py:340} INFO - ::group::Post task execution logs
[2024-10-14T04:25:00.520+0000] {taskinstance.py:352} INFO - Marking task as SUCCESS. dag_id=kaggle_ml_pipeline, task_id=GetDataKaggle, run_id=scheduled__2024-10-13T15:00:00+00:00, execution_date=20241013T150000, start_date=20241014T042455, end_date=20241014T042500
[2024-10-14T04:25:00.576+0000] {logging_mixin.py:190} INFO - Task instance in success state
[2024-10-14T04:25:00.577+0000] {logging_mixin.py:190} INFO -  Previous state of the Task instance: running
[2024-10-14T04:25:00.578+0000] {logging_mixin.py:190} INFO - Dag name:kaggle_ml_pipeline queued_at:2024-10-14 04:24:51.765908+00:00
[2024-10-14T04:25:00.579+0000] {logging_mixin.py:190} INFO - Task hostname:3865df127200 operator:PythonOperator
[2024-10-14T04:25:00.645+0000] {local_task_job_runner.py:266} INFO - Task exited with return code 0
[2024-10-14T04:25:00.675+0000] {local_task_job_runner.py:245} INFO - ::endgroup::
