[2024-10-14T04:21:31.561+0000] {local_task_job_runner.py:123} INFO - ::group::Pre task execution logs
[2024-10-14T04:21:31.596+0000] {taskinstance.py:2612} INFO - Dependencies all met for dep_context=non-requeueable deps ti=<TaskInstance: kaggle_ml_pipeline.GetDataKaggle scheduled__2024-10-13T01:00:00+00:00 [queued]>
[2024-10-14T04:21:31.608+0000] {taskinstance.py:2612} INFO - Dependencies all met for dep_context=requeueable deps ti=<TaskInstance: kaggle_ml_pipeline.GetDataKaggle scheduled__2024-10-13T01:00:00+00:00 [queued]>
[2024-10-14T04:21:31.609+0000] {taskinstance.py:2865} INFO - Starting attempt 1 of 2
[2024-10-14T04:21:31.646+0000] {taskinstance.py:2888} INFO - Executing <Task(PythonOperator): GetDataKaggle> on 2024-10-13 01:00:00+00:00
[2024-10-14T04:21:31.681+0000] {warnings.py:112} WARNING - /home/***/.local/lib/python3.12/site-packages/***/task/task_runner/standard_task_runner.py:70: DeprecationWarning: This process (pid=164) is multi-threaded, use of fork() may lead to deadlocks in the child.
  pid = os.fork()

[2024-10-14T04:21:31.684+0000] {standard_task_runner.py:104} INFO - Running: ['***', 'tasks', 'run', 'kaggle_ml_pipeline', 'GetDataKaggle', 'scheduled__2024-10-13T01:00:00+00:00', '--job-id', '9', '--raw', '--subdir', 'DAGS_FOLDER/data/dmc_pipeline.py', '--cfg-path', '/tmp/tmp0ld5lry5']
[2024-10-14T04:21:31.686+0000] {standard_task_runner.py:105} INFO - Job 9: Subtask GetDataKaggle
[2024-10-14T04:21:31.687+0000] {standard_task_runner.py:72} INFO - Started process 852 to run task
[2024-10-14T04:21:31.839+0000] {task_command.py:467} INFO - Running <TaskInstance: kaggle_ml_pipeline.GetDataKaggle scheduled__2024-10-13T01:00:00+00:00 [running]> on host 3865df127200
[2024-10-14T04:21:32.572+0000] {taskinstance.py:3131} INFO - Exporting env vars: AIRFLOW_CTX_DAG_OWNER='***' AIRFLOW_CTX_DAG_ID='kaggle_ml_pipeline' AIRFLOW_CTX_TASK_ID='GetDataKaggle' AIRFLOW_CTX_EXECUTION_DATE='2024-10-13T01:00:00+00:00' AIRFLOW_CTX_TRY_NUMBER='1' AIRFLOW_CTX_DAG_RUN_ID='scheduled__2024-10-13T01:00:00+00:00'
[2024-10-14T04:21:32.574+0000] {logging_mixin.py:190} INFO - Task instance is in running state
[2024-10-14T04:21:32.575+0000] {logging_mixin.py:190} INFO -  Previous state of the Task instance: queued
[2024-10-14T04:21:32.576+0000] {logging_mixin.py:190} INFO - Current task name:GetDataKaggle state:running start_date:2024-10-14 04:21:31.596913+00:00
[2024-10-14T04:21:32.576+0000] {logging_mixin.py:190} INFO - Dag name:kaggle_ml_pipeline and current dag run status:running
[2024-10-14T04:21:32.578+0000] {taskinstance.py:731} INFO - ::endgroup::
[2024-10-14T04:21:35.218+0000] {logging_mixin.py:190} INFO - train.csv: Skipping, found more recently modified local copy (use --force to force download)
[2024-10-14T04:21:37.722+0000] {logging_mixin.py:190} INFO - test.csv: Skipping, found more recently modified local copy (use --force to force download)
[2024-10-14T04:21:37.731+0000] {python.py:240} INFO - Done. Returned value was: dags/data/train.csv
[2024-10-14T04:21:37.775+0000] {taskinstance.py:340} INFO - ::group::Post task execution logs
[2024-10-14T04:21:37.778+0000] {taskinstance.py:352} INFO - Marking task as SUCCESS. dag_id=kaggle_ml_pipeline, task_id=GetDataKaggle, run_id=scheduled__2024-10-13T01:00:00+00:00, execution_date=20241013T010000, start_date=20241014T042131, end_date=20241014T042137
[2024-10-14T04:21:37.801+0000] {logging_mixin.py:190} INFO - Task instance in success state
[2024-10-14T04:21:37.804+0000] {logging_mixin.py:190} INFO -  Previous state of the Task instance: running
[2024-10-14T04:21:37.805+0000] {logging_mixin.py:190} INFO - Dag name:kaggle_ml_pipeline queued_at:2024-10-14 04:21:25.204464+00:00
[2024-10-14T04:21:37.806+0000] {logging_mixin.py:190} INFO - Task hostname:3865df127200 operator:PythonOperator
[2024-10-14T04:21:37.919+0000] {local_task_job_runner.py:266} INFO - Task exited with return code 0
[2024-10-14T04:21:37.979+0000] {taskinstance.py:3900} INFO - 1 downstream tasks scheduled from follow-on schedule check
[2024-10-14T04:21:37.990+0000] {local_task_job_runner.py:245} INFO - ::endgroup::
[2024-10-14T04:24:50.406+0000] {local_task_job_runner.py:123} INFO - ::group::Pre task execution logs
[2024-10-14T04:24:50.445+0000] {taskinstance.py:2612} INFO - Dependencies all met for dep_context=non-requeueable deps ti=<TaskInstance: kaggle_ml_pipeline.GetDataKaggle scheduled__2024-10-13T01:00:00+00:00 [queued]>
[2024-10-14T04:24:50.481+0000] {taskinstance.py:2612} INFO - Dependencies all met for dep_context=requeueable deps ti=<TaskInstance: kaggle_ml_pipeline.GetDataKaggle scheduled__2024-10-13T01:00:00+00:00 [queued]>
[2024-10-14T04:24:50.486+0000] {taskinstance.py:2865} INFO - Starting attempt 1 of 2
[2024-10-14T04:24:50.557+0000] {taskinstance.py:2888} INFO - Executing <Task(PythonOperator): GetDataKaggle> on 2024-10-13 01:00:00+00:00
[2024-10-14T04:24:50.594+0000] {warnings.py:112} WARNING - /home/***/.local/lib/python3.12/site-packages/***/task/task_runner/standard_task_runner.py:70: DeprecationWarning: This process (pid=2411) is multi-threaded, use of fork() may lead to deadlocks in the child.
  pid = os.fork()

[2024-10-14T04:24:50.603+0000] {standard_task_runner.py:72} INFO - Started process 2811 to run task
[2024-10-14T04:24:50.605+0000] {standard_task_runner.py:104} INFO - Running: ['***', 'tasks', 'run', 'kaggle_ml_pipeline', 'GetDataKaggle', 'scheduled__2024-10-13T01:00:00+00:00', '--job-id', '41', '--raw', '--subdir', 'DAGS_FOLDER/data/dmc_pipeline.py', '--cfg-path', '/tmp/tmp4lox1mdr']
[2024-10-14T04:24:50.612+0000] {standard_task_runner.py:105} INFO - Job 41: Subtask GetDataKaggle
[2024-10-14T04:24:50.752+0000] {task_command.py:467} INFO - Running <TaskInstance: kaggle_ml_pipeline.GetDataKaggle scheduled__2024-10-13T01:00:00+00:00 [running]> on host 3865df127200
[2024-10-14T04:24:51.449+0000] {taskinstance.py:3131} INFO - Exporting env vars: AIRFLOW_CTX_DAG_OWNER='***' AIRFLOW_CTX_DAG_ID='kaggle_ml_pipeline' AIRFLOW_CTX_TASK_ID='GetDataKaggle' AIRFLOW_CTX_EXECUTION_DATE='2024-10-13T01:00:00+00:00' AIRFLOW_CTX_TRY_NUMBER='1' AIRFLOW_CTX_DAG_RUN_ID='scheduled__2024-10-13T01:00:00+00:00'
[2024-10-14T04:24:51.451+0000] {logging_mixin.py:190} INFO - Task instance is in running state
[2024-10-14T04:24:51.451+0000] {logging_mixin.py:190} INFO -  Previous state of the Task instance: queued
[2024-10-14T04:24:51.452+0000] {logging_mixin.py:190} INFO - Current task name:GetDataKaggle state:running start_date:2024-10-14 04:24:50.453002+00:00
[2024-10-14T04:24:51.452+0000] {logging_mixin.py:190} INFO - Dag name:kaggle_ml_pipeline and current dag run status:running
[2024-10-14T04:24:51.453+0000] {taskinstance.py:731} INFO - ::endgroup::
[2024-10-14T04:24:52.998+0000] {logging_mixin.py:190} INFO - train.csv: Skipping, found more recently modified local copy (use --force to force download)
[2024-10-14T04:24:54.545+0000] {logging_mixin.py:190} INFO - test.csv: Skipping, found more recently modified local copy (use --force to force download)
[2024-10-14T04:24:54.555+0000] {python.py:240} INFO - Done. Returned value was: dags/data/train.csv
[2024-10-14T04:24:54.604+0000] {taskinstance.py:340} INFO - ::group::Post task execution logs
[2024-10-14T04:24:54.605+0000] {taskinstance.py:352} INFO - Marking task as SUCCESS. dag_id=kaggle_ml_pipeline, task_id=GetDataKaggle, run_id=scheduled__2024-10-13T01:00:00+00:00, execution_date=20241013T010000, start_date=20241014T042450, end_date=20241014T042454
[2024-10-14T04:24:54.625+0000] {logging_mixin.py:190} INFO - Task instance in success state
[2024-10-14T04:24:54.627+0000] {logging_mixin.py:190} INFO -  Previous state of the Task instance: running
[2024-10-14T04:24:54.629+0000] {logging_mixin.py:190} INFO - Dag name:kaggle_ml_pipeline queued_at:2024-10-14 04:24:47.591964+00:00
[2024-10-14T04:24:54.629+0000] {logging_mixin.py:190} INFO - Task hostname:3865df127200 operator:PythonOperator
[2024-10-14T04:24:54.670+0000] {local_task_job_runner.py:266} INFO - Task exited with return code 0
[2024-10-14T04:24:54.689+0000] {local_task_job_runner.py:245} INFO - ::endgroup::
