[2024-10-14T05:02:47.791+0000] {local_task_job_runner.py:123} INFO - ::group::Pre task execution logs
[2024-10-14T05:02:47.805+0000] {taskinstance.py:2612} INFO - Dependencies all met for dep_context=non-requeueable deps ti=<TaskInstance: kaggle_ml_pipeline.SubmitModel manual__2024-10-14T05:02:28.754350+00:00 [queued]>
[2024-10-14T05:02:47.811+0000] {taskinstance.py:2612} INFO - Dependencies all met for dep_context=requeueable deps ti=<TaskInstance: kaggle_ml_pipeline.SubmitModel manual__2024-10-14T05:02:28.754350+00:00 [queued]>
[2024-10-14T05:02:47.812+0000] {taskinstance.py:2865} INFO - Starting attempt 1 of 2
[2024-10-14T05:02:47.823+0000] {taskinstance.py:2888} INFO - Executing <Task(PythonOperator): SubmitModel> on 2024-10-14 05:02:28.754350+00:00
[2024-10-14T05:02:47.833+0000] {warnings.py:112} WARNING - /home/***/.local/lib/python3.12/site-packages/***/task/task_runner/standard_task_runner.py:70: DeprecationWarning: This process (pid=7659) is multi-threaded, use of fork() may lead to deadlocks in the child.
  pid = os.fork()

[2024-10-14T05:02:47.834+0000] {standard_task_runner.py:72} INFO - Started process 7702 to run task
[2024-10-14T05:02:47.834+0000] {standard_task_runner.py:104} INFO - Running: ['***', 'tasks', 'run', 'kaggle_ml_pipeline', 'SubmitModel', 'manual__2024-10-14T05:02:28.754350+00:00', '--job-id', '125', '--raw', '--subdir', 'DAGS_FOLDER/dmc_pipeline.py', '--cfg-path', '/tmp/tmphoispn0j']
[2024-10-14T05:02:47.835+0000] {standard_task_runner.py:105} INFO - Job 125: Subtask SubmitModel
[2024-10-14T05:02:47.872+0000] {task_command.py:467} INFO - Running <TaskInstance: kaggle_ml_pipeline.SubmitModel manual__2024-10-14T05:02:28.754350+00:00 [running]> on host 3865df127200
[2024-10-14T05:02:47.939+0000] {taskinstance.py:3131} INFO - Exporting env vars: AIRFLOW_CTX_DAG_OWNER='***' AIRFLOW_CTX_DAG_ID='kaggle_ml_pipeline' AIRFLOW_CTX_TASK_ID='SubmitModel' AIRFLOW_CTX_EXECUTION_DATE='2024-10-14T05:02:28.754350+00:00' AIRFLOW_CTX_TRY_NUMBER='1' AIRFLOW_CTX_DAG_RUN_ID='manual__2024-10-14T05:02:28.754350+00:00'
[2024-10-14T05:02:47.940+0000] {logging_mixin.py:190} INFO - Task instance is in running state
[2024-10-14T05:02:47.940+0000] {logging_mixin.py:190} INFO -  Previous state of the Task instance: queued
[2024-10-14T05:02:47.941+0000] {logging_mixin.py:190} INFO - Current task name:SubmitModel state:running start_date:2024-10-14 05:02:47.806233+00:00
[2024-10-14T05:02:47.941+0000] {logging_mixin.py:190} INFO - Dag name:kaggle_ml_pipeline and current dag run status:running
[2024-10-14T05:02:47.942+0000] {taskinstance.py:731} INFO - ::endgroup::
[2024-10-14T05:02:48.143+0000] {logging_mixin.py:190} INFO - Modelo guardado en opt/***/dags/data/model_dmc.joblib
[2024-10-14T05:02:48.148+0000] {python.py:240} INFO - Done. Returned value was: None
[2024-10-14T05:02:48.158+0000] {taskinstance.py:340} INFO - ::group::Post task execution logs
[2024-10-14T05:02:48.159+0000] {taskinstance.py:352} INFO - Marking task as SUCCESS. dag_id=kaggle_ml_pipeline, task_id=SubmitModel, run_id=manual__2024-10-14T05:02:28.754350+00:00, execution_date=20241014T050228, start_date=20241014T050247, end_date=20241014T050248
[2024-10-14T05:02:48.225+0000] {logging_mixin.py:190} INFO - Task instance in success state
[2024-10-14T05:02:48.226+0000] {logging_mixin.py:190} INFO -  Previous state of the Task instance: running
[2024-10-14T05:02:48.226+0000] {logging_mixin.py:190} INFO - Dag name:kaggle_ml_pipeline queued_at:2024-10-14 05:02:28.765422+00:00
[2024-10-14T05:02:48.227+0000] {logging_mixin.py:190} INFO - Task hostname:3865df127200 operator:PythonOperator
[2024-10-14T05:02:48.249+0000] {local_task_job_runner.py:266} INFO - Task exited with return code 0
[2024-10-14T05:02:48.273+0000] {taskinstance.py:3900} INFO - 1 downstream tasks scheduled from follow-on schedule check
[2024-10-14T05:02:48.303+0000] {local_task_job_runner.py:245} INFO - ::endgroup::
