[2024-10-14T05:02:31.594+0000] {local_task_job_runner.py:123} INFO - ::group::Pre task execution logs
[2024-10-14T05:02:31.611+0000] {taskinstance.py:2612} INFO - Dependencies all met for dep_context=non-requeueable deps ti=<TaskInstance: kaggle_ml_pipeline.GetDataKaggle manual__2024-10-14T05:02:28.754350+00:00 [queued]>
[2024-10-14T05:02:31.619+0000] {taskinstance.py:2612} INFO - Dependencies all met for dep_context=requeueable deps ti=<TaskInstance: kaggle_ml_pipeline.GetDataKaggle manual__2024-10-14T05:02:28.754350+00:00 [queued]>
[2024-10-14T05:02:31.620+0000] {taskinstance.py:2865} INFO - Starting attempt 1 of 2
[2024-10-14T05:02:31.634+0000] {taskinstance.py:2888} INFO - Executing <Task(PythonOperator): GetDataKaggle> on 2024-10-14 05:02:28.754350+00:00
[2024-10-14T05:02:31.645+0000] {warnings.py:112} WARNING - /home/***/.local/lib/python3.12/site-packages/***/task/task_runner/standard_task_runner.py:70: DeprecationWarning: This process (pid=7539) is multi-threaded, use of fork() may lead to deadlocks in the child.
  pid = os.fork()

[2024-10-14T05:02:31.646+0000] {standard_task_runner.py:104} INFO - Running: ['***', 'tasks', 'run', 'kaggle_ml_pipeline', 'GetDataKaggle', 'manual__2024-10-14T05:02:28.754350+00:00', '--job-id', '123', '--raw', '--subdir', 'DAGS_FOLDER/dmc_pipeline.py', '--cfg-path', '/tmp/tmpatcqexno']
[2024-10-14T05:02:31.647+0000] {standard_task_runner.py:72} INFO - Started process 7582 to run task
[2024-10-14T05:02:31.647+0000] {standard_task_runner.py:105} INFO - Job 123: Subtask GetDataKaggle
[2024-10-14T05:02:31.687+0000] {task_command.py:467} INFO - Running <TaskInstance: kaggle_ml_pipeline.GetDataKaggle manual__2024-10-14T05:02:28.754350+00:00 [running]> on host 3865df127200
[2024-10-14T05:02:31.767+0000] {taskinstance.py:3131} INFO - Exporting env vars: AIRFLOW_CTX_DAG_OWNER='***' AIRFLOW_CTX_DAG_ID='kaggle_ml_pipeline' AIRFLOW_CTX_TASK_ID='GetDataKaggle' AIRFLOW_CTX_EXECUTION_DATE='2024-10-14T05:02:28.754350+00:00' AIRFLOW_CTX_TRY_NUMBER='1' AIRFLOW_CTX_DAG_RUN_ID='manual__2024-10-14T05:02:28.754350+00:00'
[2024-10-14T05:02:31.769+0000] {logging_mixin.py:190} INFO - Task instance is in running state
[2024-10-14T05:02:31.769+0000] {logging_mixin.py:190} INFO -  Previous state of the Task instance: queued
[2024-10-14T05:02:31.769+0000] {logging_mixin.py:190} INFO - Current task name:GetDataKaggle state:running start_date:2024-10-14 05:02:31.612561+00:00
[2024-10-14T05:02:31.770+0000] {logging_mixin.py:190} INFO - Dag name:kaggle_ml_pipeline and current dag run status:running
[2024-10-14T05:02:31.770+0000] {taskinstance.py:731} INFO - ::endgroup::
[2024-10-14T05:02:33.528+0000] {logging_mixin.py:190} INFO - train.csv: Skipping, found more recently modified local copy (use --force to force download)
[2024-10-14T05:02:34.224+0000] {logging_mixin.py:190} INFO - test.csv: Skipping, found more recently modified local copy (use --force to force download)
[2024-10-14T05:02:34.229+0000] {python.py:240} INFO - Done. Returned value was: opt/***/dags/data/train.csv/train.csv
[2024-10-14T05:02:34.251+0000] {taskinstance.py:340} INFO - ::group::Post task execution logs
[2024-10-14T05:02:34.252+0000] {taskinstance.py:352} INFO - Marking task as SUCCESS. dag_id=kaggle_ml_pipeline, task_id=GetDataKaggle, run_id=manual__2024-10-14T05:02:28.754350+00:00, execution_date=20241014T050228, start_date=20241014T050231, end_date=20241014T050234
[2024-10-14T05:02:34.263+0000] {logging_mixin.py:190} INFO - Task instance in success state
[2024-10-14T05:02:34.264+0000] {logging_mixin.py:190} INFO -  Previous state of the Task instance: running
[2024-10-14T05:02:34.264+0000] {logging_mixin.py:190} INFO - Dag name:kaggle_ml_pipeline queued_at:2024-10-14 05:02:28.765422+00:00
[2024-10-14T05:02:34.265+0000] {logging_mixin.py:190} INFO - Task hostname:3865df127200 operator:PythonOperator
[2024-10-14T05:02:34.309+0000] {local_task_job_runner.py:266} INFO - Task exited with return code 0
[2024-10-14T05:02:34.330+0000] {taskinstance.py:3900} INFO - 1 downstream tasks scheduled from follow-on schedule check
[2024-10-14T05:02:34.333+0000] {local_task_job_runner.py:245} INFO - ::endgroup::
