[2024-10-14T04:21:32.138+0000] {local_task_job_runner.py:123} INFO - ::group::Pre task execution logs
[2024-10-14T04:21:32.180+0000] {taskinstance.py:2612} INFO - Dependencies all met for dep_context=non-requeueable deps ti=<TaskInstance: kaggle_ml_pipeline.GetDataKaggle scheduled__2024-10-13T11:00:00+00:00 [queued]>
[2024-10-14T04:21:32.212+0000] {taskinstance.py:2612} INFO - Dependencies all met for dep_context=requeueable deps ti=<TaskInstance: kaggle_ml_pipeline.GetDataKaggle scheduled__2024-10-13T11:00:00+00:00 [queued]>
[2024-10-14T04:21:32.218+0000] {taskinstance.py:2865} INFO - Starting attempt 1 of 2
[2024-10-14T04:21:32.278+0000] {taskinstance.py:2888} INFO - Executing <Task(PythonOperator): GetDataKaggle> on 2024-10-13 11:00:00+00:00
[2024-10-14T04:21:32.297+0000] {warnings.py:112} WARNING - /home/***/.local/lib/python3.12/site-packages/***/task/task_runner/standard_task_runner.py:70: DeprecationWarning: This process (pid=531) is multi-threaded, use of fork() may lead to deadlocks in the child.
  pid = os.fork()

[2024-10-14T04:21:32.323+0000] {standard_task_runner.py:72} INFO - Started process 961 to run task
[2024-10-14T04:21:32.347+0000] {standard_task_runner.py:104} INFO - Running: ['***', 'tasks', 'run', 'kaggle_ml_pipeline', 'GetDataKaggle', 'scheduled__2024-10-13T11:00:00+00:00', '--job-id', '16', '--raw', '--subdir', 'DAGS_FOLDER/data/dmc_pipeline.py', '--cfg-path', '/tmp/tmpnt_4sljj']
[2024-10-14T04:21:32.349+0000] {standard_task_runner.py:105} INFO - Job 16: Subtask GetDataKaggle
[2024-10-14T04:21:32.453+0000] {task_command.py:467} INFO - Running <TaskInstance: kaggle_ml_pipeline.GetDataKaggle scheduled__2024-10-13T11:00:00+00:00 [running]> on host 3865df127200
[2024-10-14T04:21:33.066+0000] {taskinstance.py:3131} INFO - Exporting env vars: AIRFLOW_CTX_DAG_OWNER='***' AIRFLOW_CTX_DAG_ID='kaggle_ml_pipeline' AIRFLOW_CTX_TASK_ID='GetDataKaggle' AIRFLOW_CTX_EXECUTION_DATE='2024-10-13T11:00:00+00:00' AIRFLOW_CTX_TRY_NUMBER='1' AIRFLOW_CTX_DAG_RUN_ID='scheduled__2024-10-13T11:00:00+00:00'
[2024-10-14T04:21:33.067+0000] {logging_mixin.py:190} INFO - Task instance is in running state
[2024-10-14T04:21:33.067+0000] {logging_mixin.py:190} INFO -  Previous state of the Task instance: queued
[2024-10-14T04:21:33.068+0000] {logging_mixin.py:190} INFO - Current task name:GetDataKaggle state:running start_date:2024-10-14 04:21:32.182786+00:00
[2024-10-14T04:21:33.068+0000] {logging_mixin.py:190} INFO - Dag name:kaggle_ml_pipeline and current dag run status:running
[2024-10-14T04:21:33.068+0000] {taskinstance.py:731} INFO - ::endgroup::
[2024-10-14T04:21:35.182+0000] {logging_mixin.py:190} INFO - train.csv: Skipping, found more recently modified local copy (use --force to force download)
[2024-10-14T04:21:37.734+0000] {logging_mixin.py:190} INFO - test.csv: Skipping, found more recently modified local copy (use --force to force download)
[2024-10-14T04:21:37.741+0000] {python.py:240} INFO - Done. Returned value was: dags/data/train.csv
[2024-10-14T04:21:37.808+0000] {taskinstance.py:340} INFO - ::group::Post task execution logs
[2024-10-14T04:21:37.809+0000] {taskinstance.py:352} INFO - Marking task as SUCCESS. dag_id=kaggle_ml_pipeline, task_id=GetDataKaggle, run_id=scheduled__2024-10-13T11:00:00+00:00, execution_date=20241013T110000, start_date=20241014T042132, end_date=20241014T042137
[2024-10-14T04:21:37.839+0000] {logging_mixin.py:190} INFO - Task instance in success state
[2024-10-14T04:21:37.847+0000] {logging_mixin.py:190} INFO -  Previous state of the Task instance: running
[2024-10-14T04:21:37.848+0000] {logging_mixin.py:190} INFO - Dag name:kaggle_ml_pipeline queued_at:2024-10-14 04:21:27.102727+00:00
[2024-10-14T04:21:37.861+0000] {logging_mixin.py:190} INFO - Task hostname:3865df127200 operator:PythonOperator
[2024-10-14T04:21:37.964+0000] {local_task_job_runner.py:266} INFO - Task exited with return code 0
[2024-10-14T04:21:37.974+0000] {local_task_job_runner.py:245} INFO - ::endgroup::
[2024-10-14T04:24:54.485+0000] {local_task_job_runner.py:123} INFO - ::group::Pre task execution logs
[2024-10-14T04:24:54.512+0000] {taskinstance.py:2612} INFO - Dependencies all met for dep_context=non-requeueable deps ti=<TaskInstance: kaggle_ml_pipeline.GetDataKaggle scheduled__2024-10-13T11:00:00+00:00 [queued]>
[2024-10-14T04:24:54.526+0000] {taskinstance.py:2612} INFO - Dependencies all met for dep_context=requeueable deps ti=<TaskInstance: kaggle_ml_pipeline.GetDataKaggle scheduled__2024-10-13T11:00:00+00:00 [queued]>
[2024-10-14T04:24:54.527+0000] {taskinstance.py:2865} INFO - Starting attempt 1 of 2
[2024-10-14T04:24:54.561+0000] {taskinstance.py:2888} INFO - Executing <Task(PythonOperator): GetDataKaggle> on 2024-10-13 11:00:00+00:00
[2024-10-14T04:24:54.580+0000] {standard_task_runner.py:104} INFO - Running: ['***', 'tasks', 'run', 'kaggle_ml_pipeline', 'GetDataKaggle', 'scheduled__2024-10-13T11:00:00+00:00', '--job-id', '51', '--raw', '--subdir', 'DAGS_FOLDER/data/dmc_pipeline.py', '--cfg-path', '/tmp/tmps93x_vxj']
[2024-10-14T04:24:54.578+0000] {warnings.py:112} WARNING - /home/***/.local/lib/python3.12/site-packages/***/task/task_runner/standard_task_runner.py:70: DeprecationWarning: This process (pid=2779) is multi-threaded, use of fork() may lead to deadlocks in the child.
  pid = os.fork()

[2024-10-14T04:24:54.583+0000] {standard_task_runner.py:105} INFO - Job 51: Subtask GetDataKaggle
[2024-10-14T04:24:54.583+0000] {standard_task_runner.py:72} INFO - Started process 3396 to run task
[2024-10-14T04:24:54.679+0000] {task_command.py:467} INFO - Running <TaskInstance: kaggle_ml_pipeline.GetDataKaggle scheduled__2024-10-13T11:00:00+00:00 [running]> on host 3865df127200
[2024-10-14T04:24:55.143+0000] {taskinstance.py:3131} INFO - Exporting env vars: AIRFLOW_CTX_DAG_OWNER='***' AIRFLOW_CTX_DAG_ID='kaggle_ml_pipeline' AIRFLOW_CTX_TASK_ID='GetDataKaggle' AIRFLOW_CTX_EXECUTION_DATE='2024-10-13T11:00:00+00:00' AIRFLOW_CTX_TRY_NUMBER='1' AIRFLOW_CTX_DAG_RUN_ID='scheduled__2024-10-13T11:00:00+00:00'
[2024-10-14T04:24:55.144+0000] {logging_mixin.py:190} INFO - Task instance is in running state
[2024-10-14T04:24:55.145+0000] {logging_mixin.py:190} INFO -  Previous state of the Task instance: queued
[2024-10-14T04:24:55.145+0000] {logging_mixin.py:190} INFO - Current task name:GetDataKaggle state:running start_date:2024-10-14 04:24:54.512989+00:00
[2024-10-14T04:24:55.146+0000] {logging_mixin.py:190} INFO - Dag name:kaggle_ml_pipeline and current dag run status:running
[2024-10-14T04:24:55.146+0000] {taskinstance.py:731} INFO - ::endgroup::
[2024-10-14T04:24:56.709+0000] {logging_mixin.py:190} INFO - train.csv: Skipping, found more recently modified local copy (use --force to force download)
[2024-10-14T04:24:58.695+0000] {logging_mixin.py:190} INFO - test.csv: Skipping, found more recently modified local copy (use --force to force download)
[2024-10-14T04:24:58.701+0000] {python.py:240} INFO - Done. Returned value was: dags/data/train.csv
[2024-10-14T04:24:58.794+0000] {taskinstance.py:340} INFO - ::group::Post task execution logs
[2024-10-14T04:24:58.798+0000] {taskinstance.py:352} INFO - Marking task as SUCCESS. dag_id=kaggle_ml_pipeline, task_id=GetDataKaggle, run_id=scheduled__2024-10-13T11:00:00+00:00, execution_date=20241013T110000, start_date=20241014T042454, end_date=20241014T042458
[2024-10-14T04:24:58.845+0000] {logging_mixin.py:190} INFO - Task instance in success state
[2024-10-14T04:24:58.848+0000] {logging_mixin.py:190} INFO -  Previous state of the Task instance: running
[2024-10-14T04:24:58.849+0000] {logging_mixin.py:190} INFO - Dag name:kaggle_ml_pipeline queued_at:2024-10-14 04:24:49.922574+00:00
[2024-10-14T04:24:58.849+0000] {logging_mixin.py:190} INFO - Task hostname:3865df127200 operator:PythonOperator
[2024-10-14T04:24:58.950+0000] {local_task_job_runner.py:266} INFO - Task exited with return code 0
[2024-10-14T04:24:58.966+0000] {local_task_job_runner.py:245} INFO - ::endgroup::
