[2024-10-14T04:21:31.677+0000] {local_task_job_runner.py:123} INFO - ::group::Pre task execution logs
[2024-10-14T04:21:31.719+0000] {taskinstance.py:2612} INFO - Dependencies all met for dep_context=non-requeueable deps ti=<TaskInstance: kaggle_ml_pipeline.GetDataKaggle scheduled__2024-10-13T05:00:00+00:00 [queued]>
[2024-10-14T04:21:31.733+0000] {taskinstance.py:2612} INFO - Dependencies all met for dep_context=requeueable deps ti=<TaskInstance: kaggle_ml_pipeline.GetDataKaggle scheduled__2024-10-13T05:00:00+00:00 [queued]>
[2024-10-14T04:21:31.734+0000] {taskinstance.py:2865} INFO - Starting attempt 1 of 2
[2024-10-14T04:21:31.777+0000] {taskinstance.py:2888} INFO - Executing <Task(PythonOperator): GetDataKaggle> on 2024-10-13 05:00:00+00:00
[2024-10-14T04:21:31.805+0000] {warnings.py:112} WARNING - /home/***/.local/lib/python3.12/site-packages/***/task/task_runner/standard_task_runner.py:70: DeprecationWarning: This process (pid=172) is multi-threaded, use of fork() may lead to deadlocks in the child.
  pid = os.fork()

[2024-10-14T04:21:31.810+0000] {standard_task_runner.py:72} INFO - Started process 860 to run task
[2024-10-14T04:21:31.810+0000] {standard_task_runner.py:104} INFO - Running: ['***', 'tasks', 'run', 'kaggle_ml_pipeline', 'GetDataKaggle', 'scheduled__2024-10-13T05:00:00+00:00', '--job-id', '12', '--raw', '--subdir', 'DAGS_FOLDER/data/dmc_pipeline.py', '--cfg-path', '/tmp/tmp1keseoal']
[2024-10-14T04:21:31.815+0000] {standard_task_runner.py:105} INFO - Job 12: Subtask GetDataKaggle
[2024-10-14T04:21:32.025+0000] {task_command.py:467} INFO - Running <TaskInstance: kaggle_ml_pipeline.GetDataKaggle scheduled__2024-10-13T05:00:00+00:00 [running]> on host 3865df127200
[2024-10-14T04:21:32.241+0000] {taskinstance.py:3131} INFO - Exporting env vars: AIRFLOW_CTX_DAG_OWNER='***' AIRFLOW_CTX_DAG_ID='kaggle_ml_pipeline' AIRFLOW_CTX_TASK_ID='GetDataKaggle' AIRFLOW_CTX_EXECUTION_DATE='2024-10-13T05:00:00+00:00' AIRFLOW_CTX_TRY_NUMBER='1' AIRFLOW_CTX_DAG_RUN_ID='scheduled__2024-10-13T05:00:00+00:00'
[2024-10-14T04:21:32.243+0000] {logging_mixin.py:190} INFO - Task instance is in running state
[2024-10-14T04:21:32.244+0000] {logging_mixin.py:190} INFO -  Previous state of the Task instance: queued
[2024-10-14T04:21:32.245+0000] {logging_mixin.py:190} INFO - Current task name:GetDataKaggle state:running start_date:2024-10-14 04:21:31.721511+00:00
[2024-10-14T04:21:32.246+0000] {logging_mixin.py:190} INFO - Dag name:kaggle_ml_pipeline and current dag run status:running
[2024-10-14T04:21:32.247+0000] {taskinstance.py:731} INFO - ::endgroup::
[2024-10-14T04:21:34.237+0000] {logging_mixin.py:190} INFO - Downloading train.csv to dags/data
[2024-10-14T04:21:34.238+0000] {logging_mixin.py:190} INFO - ... resuming from 0 bytes (3559302 bytes left) ...
[2024-10-14T04:21:35.395+0000] {logging_mixin.py:190} WARNING -   0%|          | 0.00/3.39M [00:00<?, ?B/s]
[2024-10-14T04:21:37.698+0000] {logging_mixin.py:190} WARNING -  29%|##9       | 1.00M/3.39M [00:02<00:05, 456kB/s]
[2024-10-14T04:21:38.344+0000] {logging_mixin.py:190} WARNING -  59%|#####8    | 2.00M/3.39M [00:02<00:01, 790kB/s]
[2024-10-14T04:21:38.585+0000] {logging_mixin.py:190} WARNING -  88%|########8 | 3.00M/3.39M [00:03<00:00, 1.26MB/s]
[2024-10-14T04:21:38.639+0000] {logging_mixin.py:190} WARNING - 100%|##########| 3.39M/3.39M [00:03<00:00, 1.10MB/s]
[2024-10-14T04:21:39.225+0000] {logging_mixin.py:190} INFO - test.csv: Skipping, found more recently modified local copy (use --force to force download)
[2024-10-14T04:21:39.232+0000] {python.py:240} INFO - Done. Returned value was: dags/data/train.csv
[2024-10-14T04:21:39.819+0000] {taskinstance.py:340} INFO - ::group::Post task execution logs
[2024-10-14T04:21:39.824+0000] {taskinstance.py:352} INFO - Marking task as SUCCESS. dag_id=kaggle_ml_pipeline, task_id=GetDataKaggle, run_id=scheduled__2024-10-13T05:00:00+00:00, execution_date=20241013T050000, start_date=20241014T042131, end_date=20241014T042139
[2024-10-14T04:21:39.855+0000] {logging_mixin.py:190} INFO - Task instance in success state
[2024-10-14T04:21:39.856+0000] {logging_mixin.py:190} INFO -  Previous state of the Task instance: running
[2024-10-14T04:21:39.857+0000] {logging_mixin.py:190} INFO - Dag name:kaggle_ml_pipeline queued_at:2024-10-14 04:21:25.770790+00:00
[2024-10-14T04:21:39.857+0000] {logging_mixin.py:190} INFO - Task hostname:3865df127200 operator:PythonOperator
[2024-10-14T04:21:39.924+0000] {local_task_job_runner.py:266} INFO - Task exited with return code 0
[2024-10-14T04:21:40.010+0000] {taskinstance.py:3900} INFO - 1 downstream tasks scheduled from follow-on schedule check
[2024-10-14T04:21:40.029+0000] {local_task_job_runner.py:245} INFO - ::endgroup::
[2024-10-14T04:24:51.869+0000] {local_task_job_runner.py:123} INFO - ::group::Pre task execution logs
[2024-10-14T04:24:51.951+0000] {taskinstance.py:2612} INFO - Dependencies all met for dep_context=non-requeueable deps ti=<TaskInstance: kaggle_ml_pipeline.GetDataKaggle scheduled__2024-10-13T05:00:00+00:00 [queued]>
[2024-10-14T04:24:51.974+0000] {taskinstance.py:2612} INFO - Dependencies all met for dep_context=requeueable deps ti=<TaskInstance: kaggle_ml_pipeline.GetDataKaggle scheduled__2024-10-13T05:00:00+00:00 [queued]>
[2024-10-14T04:24:51.977+0000] {taskinstance.py:2865} INFO - Starting attempt 1 of 2
[2024-10-14T04:24:52.028+0000] {taskinstance.py:2888} INFO - Executing <Task(PythonOperator): GetDataKaggle> on 2024-10-13 05:00:00+00:00
[2024-10-14T04:24:52.083+0000] {warnings.py:112} WARNING - /home/***/.local/lib/python3.12/site-packages/***/task/task_runner/standard_task_runner.py:70: DeprecationWarning: This process (pid=2539) is multi-threaded, use of fork() may lead to deadlocks in the child.
  pid = os.fork()

[2024-10-14T04:24:52.100+0000] {standard_task_runner.py:72} INFO - Started process 3036 to run task
[2024-10-14T04:24:52.118+0000] {standard_task_runner.py:104} INFO - Running: ['***', 'tasks', 'run', 'kaggle_ml_pipeline', 'GetDataKaggle', 'scheduled__2024-10-13T05:00:00+00:00', '--job-id', '44', '--raw', '--subdir', 'DAGS_FOLDER/data/dmc_pipeline.py', '--cfg-path', '/tmp/tmpwb48usjl']
[2024-10-14T04:24:52.122+0000] {standard_task_runner.py:105} INFO - Job 44: Subtask GetDataKaggle
[2024-10-14T04:24:52.260+0000] {task_command.py:467} INFO - Running <TaskInstance: kaggle_ml_pipeline.GetDataKaggle scheduled__2024-10-13T05:00:00+00:00 [running]> on host 3865df127200
[2024-10-14T04:24:53.130+0000] {taskinstance.py:3131} INFO - Exporting env vars: AIRFLOW_CTX_DAG_OWNER='***' AIRFLOW_CTX_DAG_ID='kaggle_ml_pipeline' AIRFLOW_CTX_TASK_ID='GetDataKaggle' AIRFLOW_CTX_EXECUTION_DATE='2024-10-13T05:00:00+00:00' AIRFLOW_CTX_TRY_NUMBER='1' AIRFLOW_CTX_DAG_RUN_ID='scheduled__2024-10-13T05:00:00+00:00'
[2024-10-14T04:24:53.132+0000] {logging_mixin.py:190} INFO - Task instance is in running state
[2024-10-14T04:24:53.132+0000] {logging_mixin.py:190} INFO -  Previous state of the Task instance: queued
[2024-10-14T04:24:53.133+0000] {logging_mixin.py:190} INFO - Current task name:GetDataKaggle state:running start_date:2024-10-14 04:24:51.952949+00:00
[2024-10-14T04:24:53.136+0000] {logging_mixin.py:190} INFO - Dag name:kaggle_ml_pipeline and current dag run status:running
[2024-10-14T04:24:53.137+0000] {taskinstance.py:731} INFO - ::endgroup::
[2024-10-14T04:24:54.465+0000] {logging_mixin.py:190} INFO - train.csv: Skipping, found more recently modified local copy (use --force to force download)
[2024-10-14T04:24:56.733+0000] {logging_mixin.py:190} INFO - test.csv: Skipping, found more recently modified local copy (use --force to force download)
[2024-10-14T04:24:56.739+0000] {python.py:240} INFO - Done. Returned value was: dags/data/train.csv
[2024-10-14T04:24:56.771+0000] {taskinstance.py:340} INFO - ::group::Post task execution logs
[2024-10-14T04:24:56.772+0000] {taskinstance.py:352} INFO - Marking task as SUCCESS. dag_id=kaggle_ml_pipeline, task_id=GetDataKaggle, run_id=scheduled__2024-10-13T05:00:00+00:00, execution_date=20241013T050000, start_date=20241014T042451, end_date=20241014T042456
[2024-10-14T04:24:56.787+0000] {logging_mixin.py:190} INFO - Task instance in success state
[2024-10-14T04:24:56.788+0000] {logging_mixin.py:190} INFO -  Previous state of the Task instance: running
[2024-10-14T04:24:56.788+0000] {logging_mixin.py:190} INFO - Dag name:kaggle_ml_pipeline queued_at:2024-10-14 04:24:48.391478+00:00
[2024-10-14T04:24:56.788+0000] {logging_mixin.py:190} INFO - Task hostname:3865df127200 operator:PythonOperator
[2024-10-14T04:24:56.868+0000] {local_task_job_runner.py:266} INFO - Task exited with return code 0
[2024-10-14T04:24:56.899+0000] {taskinstance.py:3900} INFO - 1 downstream tasks scheduled from follow-on schedule check
[2024-10-14T04:24:56.901+0000] {local_task_job_runner.py:245} INFO - ::endgroup::
